[01-May-2019 19:30:56 UTC] PHP Fatal error:  Call to a member function prepare() on a non-object in /home/ubuntu/workspace/cst336/example/fetch_images.php on line 49
[01-May-2019 19:30:56 UTC] PHP Stack trace:
[01-May-2019 19:30:56 UTC] PHP   1. {main}() /home/ubuntu/workspace/cst336/example/fetch_images.php:0
[01-May-2019 19:31:36 UTC] PHP Parse error:  syntax error, unexpected '}' in /home/ubuntu/workspace/cst336/example/fetch_images.php on line 64
[01-May-2019 19:42:22 UTC] PHP Warning:  require(../dbConnection.php): failed to open stream: No such file or directory in /home/ubuntu/workspace/cst336/example/insert.php on line 8
[01-May-2019 19:42:22 UTC] PHP Stack trace:
[01-May-2019 19:42:22 UTC] PHP   1. {main}() /home/ubuntu/workspace/cst336/example/insert.php:0
[01-May-2019 19:42:22 UTC] PHP Fatal error:  require(): Failed opening required '../dbConnection.php' (include_path='.:/usr/share/php:/usr/share/pear') in /home/ubuntu/workspace/cst336/example/insert.php on line 8
[01-May-2019 19:42:22 UTC] PHP Stack trace:
[01-May-2019 19:42:22 UTC] PHP   1. {main}() /home/ubuntu/workspace/cst336/example/insert.php:0
[01-May-2019 19:42:46 UTC] PHP Warning:  require(../dbConnection.php): failed to open stream: No such file or directory in /home/ubuntu/workspace/cst336/example/insert.php on line 8
[01-May-2019 19:42:46 UTC] PHP Stack trace:
[01-May-2019 19:42:46 UTC] PHP   1. {main}() /home/ubuntu/workspace/cst336/example/insert.php:0
[01-May-2019 19:42:46 UTC] PHP Fatal error:  require(): Failed opening required '../dbConnection.php' (include_path='.:/usr/share/php:/usr/share/pear') in /home/ubuntu/workspace/cst336/example/insert.php on line 8
[01-May-2019 19:42:46 UTC] PHP Stack trace:
[01-May-2019 19:42:46 UTC] PHP   1. {main}() /home/ubuntu/workspace/cst336/example/insert.php:0
[01-May-2019 19:43:58 UTC] PHP Fatal error:  Call to a member function prepare() on a non-object in /home/ubuntu/workspace/cst336/example/insert.php on line 10
[01-May-2019 19:43:58 UTC] PHP Stack trace:
[01-May-2019 19:43:58 UTC] PHP   1. {main}() /home/ubuntu/workspace/cst336/example/insert.php:0
[01-May-2019 19:44:00 UTC] PHP Fatal error:  Call to a member function prepare() on a non-object in /home/ubuntu/workspace/cst336/example/insert.php on line 10
[01-May-2019 19:44:00 UTC] PHP Stack trace:
[01-May-2019 19:44:00 UTC] PHP   1. {main}() /home/ubuntu/workspace/cst336/example/insert.php:0
[01-May-2019 19:44:16 UTC] PHP Fatal error:  Call to undefined function getDatabaseConnection() in /home/ubuntu/workspace/cst336/example/fetch_images.php on line 5
[01-May-2019 19:44:16 UTC] PHP Stack trace:
[01-May-2019 19:44:16 UTC] PHP   1. {main}() /home/ubuntu/workspace/cst336/example/fetch_images.php:0
[01-May-2019 19:44:45 UTC] PHP Warning:  file_get_contents(): Filename cannot be empty in /home/ubuntu/workspace/cst336/example/insert.php on line 8
[01-May-2019 19:44:45 UTC] PHP Stack trace:
[01-May-2019 19:44:45 UTC] PHP   1. {main}() /home/ubuntu/workspace/cst336/example/insert.php:0
[01-May-2019 19:44:45 UTC] PHP   2. file_get_contents() /home/ubuntu/workspace/cst336/example/insert.php:8
[01-May-2019 19:50:14 UTC] PHP Warning:  file_get_contents(): Filename cannot be empty in /home/ubuntu/workspace/cst336/example/insert.php on line 19
[01-May-2019 19:50:14 UTC] PHP Stack trace:
[01-May-2019 19:50:14 UTC] PHP   1. {main}() /home/ubuntu/workspace/cst336/example/insert.php:0
[01-May-2019 19:50:14 UTC] PHP   2. file_get_contents() /home/ubuntu/workspace/cst336/example/insert.php:19
[01-May-2019 19:50:14 UTC] PHP Fatal error:  Uncaught exception 'PDOException' with message 'SQLSTATE[42S22]: Column not found: 1054 Unknown column 'image' in 'field list'' in /home/ubuntu/workspace/cst336/example/insert.php:22
Stack trace:
#0 /home/ubuntu/workspace/cst336/example/insert.php(22): PDOStatement->execute()
#1 {main}
  thrown in /home/ubuntu/workspace/cst336/example/insert.php on line 22
[01-May-2019 19:51:38 UTC] PHP Warning:  file_get_contents(): Filename cannot be empty in /home/ubuntu/workspace/cst336/example/insert.php on line 20
[01-May-2019 19:51:38 UTC] PHP Stack trace:
[01-May-2019 19:51:38 UTC] PHP   1. {main}() /home/ubuntu/workspace/cst336/example/insert.php:0
[01-May-2019 19:51:38 UTC] PHP   2. file_get_contents() /home/ubuntu/workspace/cst336/example/insert.php:20
[01-May-2019 19:51:38 UTC] PHP Fatal error:  Uncaught exception 'PDOException' with message 'SQLSTATE[42S22]: Column not found: 1054 Unknown column 'image' in 'field list'' in /home/ubuntu/workspace/cst336/example/insert.php:23
Stack trace:
#0 /home/ubuntu/workspace/cst336/example/insert.php(23): PDOStatement->execute()
#1 {main}
  thrown in /home/ubuntu/workspace/cst336/example/insert.php on line 23
[01-May-2019 19:52:26 UTC] PHP Warning:  file_get_contents(): Filename cannot be empty in /home/ubuntu/workspace/cst336/example/insert.php on line 24
[01-May-2019 19:52:26 UTC] PHP Stack trace:
[01-May-2019 19:52:26 UTC] PHP   1. {main}() /home/ubuntu/workspace/cst336/example/insert.php:0
[01-May-2019 19:52:26 UTC] PHP   2. file_get_contents() /home/ubuntu/workspace/cst336/example/insert.php:24
[01-May-2019 19:52:26 UTC] PHP Fatal error:  Uncaught exception 'PDOException' with message 'SQLSTATE[42S22]: Column not found: 1054 Unknown column 'image' in 'field list'' in /home/ubuntu/workspace/cst336/example/insert.php:27
Stack trace:
#0 /home/ubuntu/workspace/cst336/example/insert.php(27): PDOStatement->execute()
#1 {main}
  thrown in /home/ubuntu/workspace/cst336/example/insert.php on line 27
[01-May-2019 19:53:31 UTC] PHP Fatal error:  Uncaught exception 'PDOException' with message 'SQLSTATE[42S22]: Column not found: 1054 Unknown column 'image' in 'field list'' in /home/ubuntu/workspace/cst336/example/insert.php:25
Stack trace:
#0 /home/ubuntu/workspace/cst336/example/insert.php(25): PDOStatement->execute()
#1 {main}
  thrown in /home/ubuntu/workspace/cst336/example/insert.php on line 25
[01-May-2019 19:56:52 UTC] PHP Warning:  file_get_contents(): Filename cannot be empty in /home/ubuntu/workspace/cst336/example/insert.php on line 21
[01-May-2019 19:56:52 UTC] PHP Stack trace:
[01-May-2019 19:56:52 UTC] PHP   1. {main}() /home/ubuntu/workspace/cst336/example/insert.php:0
[01-May-2019 19:56:52 UTC] PHP   2. file_get_contents() /home/ubuntu/workspace/cst336/example/insert.php:21
[01-May-2019 19:57:03 UTC] PHP Warning:  file_get_contents(): Filename cannot be empty in /home/ubuntu/workspace/cst336/example/insert.php on line 21
[01-May-2019 19:57:03 UTC] PHP Stack trace:
[01-May-2019 19:57:03 UTC] PHP   1. {main}() /home/ubuntu/workspace/cst336/example/insert.php:0
[01-May-2019 19:57:03 UTC] PHP   2. file_get_contents() /home/ubuntu/workspace/cst336/example/insert.php:21
[01-May-2019 19:57:22 UTC] PHP Warning:  file_get_contents(): Filename cannot be empty in /home/ubuntu/workspace/cst336/example/insert.php on line 21
[01-May-2019 19:57:22 UTC] PHP Stack trace:
[01-May-2019 19:57:22 UTC] PHP   1. {main}() /home/ubuntu/workspace/cst336/example/insert.php:0
[01-May-2019 19:57:22 UTC] PHP   2. file_get_contents() /home/ubuntu/workspace/cst336/example/insert.php:21
[01-May-2019 20:04:10 UTC] PHP Parse error:  syntax error, unexpected 'echo' (T_ECHO), expecting ')' in /home/ubuntu/workspace/cst336/example/insert.php on line 23
[01-May-2019 20:04:21 UTC] PHP Parse error:  syntax error, unexpected 'echo' (T_ECHO), expecting ')' in /home/ubuntu/workspace/cst336/example/insert.php on line 23
[01-May-2019 20:04:48 UTC] PHP Parse error:  syntax error, unexpected 'echo' (T_ECHO), expecting ')' in /home/ubuntu/workspace/cst336/example/insert.php on line 22
[01-May-2019 20:04:51 UTC] PHP Parse error:  syntax error, unexpected 'echo' (T_ECHO), expecting ')' in /home/ubuntu/workspace/cst336/example/insert.php on line 22
[01-May-2019 20:09:34 UTC] PHP Warning:  file_get_contents() expects parameter 1 to be a valid path, array given in /home/ubuntu/workspace/cst336/example/insert.php on line 10
[01-May-2019 20:09:34 UTC] PHP Stack trace:
[01-May-2019 20:09:34 UTC] PHP   1. {main}() /home/ubuntu/workspace/cst336/example/insert.php:0
[01-May-2019 20:09:34 UTC] PHP   2. file_get_contents() /home/ubuntu/workspace/cst336/example/insert.php:10
[01-May-2019 20:09:55 UTC] PHP Warning:  file_get_contents() expects parameter 1 to be a valid path, array given in /home/ubuntu/workspace/cst336/example/insert.php on line 10
[01-May-2019 20:09:55 UTC] PHP Stack trace:
[01-May-2019 20:09:55 UTC] PHP   1. {main}() /home/ubuntu/workspace/cst336/example/insert.php:0
[01-May-2019 20:09:55 UTC] PHP   2. file_get_contents() /home/ubuntu/workspace/cst336/example/insert.php:10
