[25-Mar-2019 05:44:29 UTC] PHP Fatal error:  Uncaught exception 'PDOException' with message 'SQLSTATE[42000]: Syntax error or access violation: 1064 You have an error in your SQL syntax; check the manual that corresponds to your MySQL server version for the right syntax to use near 'productName LIKE '%a%'' at line 1' in /home/ubuntu/workspace/cst336/labs/lab6/api/getSearchResults.php:16
Stack trace:
#0 /home/ubuntu/workspace/cst336/labs/lab6/api/getSearchResults.php(16): PDOStatement->execute(Array)
#1 {main}
  thrown in /home/ubuntu/workspace/cst336/labs/lab6/api/getSearchResults.php on line 16
[25-Mar-2019 05:45:53 UTC] PHP Fatal error:  Uncaught exception 'PDOException' with message 'SQLSTATE[42000]: Syntax error or access violation: 1064 You have an error in your SQL syntax; check the manual that corresponds to your MySQL server version for the right syntax to use near 'productName LIKE '%a%'' at line 1' in /home/ubuntu/workspace/cst336/labs/lab6/api/getSearchResults.php:16
Stack trace:
#0 /home/ubuntu/workspace/cst336/labs/lab6/api/getSearchResults.php(16): PDOStatement->execute(Array)
#1 {main}
  thrown in /home/ubuntu/workspace/cst336/labs/lab6/api/getSearchResults.php on line 16
[25-Mar-2019 05:45:57 UTC] PHP Fatal error:  Uncaught exception 'PDOException' with message 'SQLSTATE[42000]: Syntax error or access violation: 1064 You have an error in your SQL syntax; check the manual that corresponds to your MySQL server version for the right syntax to use near 'productName LIKE '%a%'' at line 1' in /home/ubuntu/workspace/cst336/labs/lab6/api/getSearchResults.php:16
Stack trace:
#0 /home/ubuntu/workspace/cst336/labs/lab6/api/getSearchResults.php(16): PDOStatement->execute(Array)
#1 {main}
  thrown in /home/ubuntu/workspace/cst336/labs/lab6/api/getSearchResults.php on line 16
[25-Mar-2019 05:46:09 UTC] PHP Fatal error:  Uncaught exception 'PDOException' with message 'SQLSTATE[42000]: Syntax error or access violation: 1064 You have an error in your SQL syntax; check the manual that corresponds to your MySQL server version for the right syntax to use near 'productName LIKE '%a%'' at line 1' in /home/ubuntu/workspace/cst336/labs/lab6/api/getSearchResults.php:16
Stack trace:
#0 /home/ubuntu/workspace/cst336/labs/lab6/api/getSearchResults.php(16): PDOStatement->execute(Array)
#1 {main}
  thrown in /home/ubuntu/workspace/cst336/labs/lab6/api/getSearchResults.php on line 16
[25-Mar-2019 06:12:39 UTC] PHP Parse error:  syntax error, unexpected '$namedParameters' (T_VARIABLE) in /home/ubuntu/workspace/cst336/labs/lab6/api/getSearchResults.php on line 18
[25-Mar-2019 06:12:43 UTC] PHP Parse error:  syntax error, unexpected '$namedParameters' (T_VARIABLE) in /home/ubuntu/workspace/cst336/labs/lab6/api/getSearchResults.php on line 18
[25-Mar-2019 06:12:47 UTC] PHP Parse error:  syntax error, unexpected '$namedParameters' (T_VARIABLE) in /home/ubuntu/workspace/cst336/labs/lab6/api/getSearchResults.php on line 18
[25-Mar-2019 06:12:50 UTC] PHP Parse error:  syntax error, unexpected '$namedParameters' (T_VARIABLE) in /home/ubuntu/workspace/cst336/labs/lab6/api/getSearchResults.php on line 18
[25-Mar-2019 06:12:50 UTC] PHP Parse error:  syntax error, unexpected '$namedParameters' (T_VARIABLE) in /home/ubuntu/workspace/cst336/labs/lab6/api/getSearchResults.php on line 18
[25-Mar-2019 06:12:50 UTC] PHP Parse error:  syntax error, unexpected '$namedParameters' (T_VARIABLE) in /home/ubuntu/workspace/cst336/labs/lab6/api/getSearchResults.php on line 18
[25-Mar-2019 06:13:22 UTC] PHP Parse error:  syntax error, unexpected '$namedParameters' (T_VARIABLE) in /home/ubuntu/workspace/cst336/labs/lab6/api/getSearchResults.php on line 18
[25-Mar-2019 06:13:33 UTC] PHP Parse error:  syntax error, unexpected '$namedParameters' (T_VARIABLE) in /home/ubuntu/workspace/cst336/labs/lab6/api/getSearchResults.php on line 18
[25-Mar-2019 06:13:34 UTC] PHP Parse error:  syntax error, unexpected '$namedParameters' (T_VARIABLE) in /home/ubuntu/workspace/cst336/labs/lab6/api/getSearchResults.php on line 18
[25-Mar-2019 06:13:43 UTC] PHP Parse error:  syntax error, unexpected '$namedParameters' (T_VARIABLE) in /home/ubuntu/workspace/cst336/labs/lab6/api/getSearchResults.php on line 18
[25-Mar-2019 06:13:45 UTC] PHP Parse error:  syntax error, unexpected '$namedParameters' (T_VARIABLE) in /home/ubuntu/workspace/cst336/labs/lab6/api/getSearchResults.php on line 18
[25-Mar-2019 06:13:55 UTC] PHP Parse error:  syntax error, unexpected '$namedParameters' (T_VARIABLE) in /home/ubuntu/workspace/cst336/labs/lab6/api/getSearchResults.php on line 18
[25-Mar-2019 06:13:56 UTC] PHP Parse error:  syntax error, unexpected '$namedParameters' (T_VARIABLE) in /home/ubuntu/workspace/cst336/labs/lab6/api/getSearchResults.php on line 18
[25-Mar-2019 06:14:01 UTC] PHP Parse error:  syntax error, unexpected '$namedParameters' (T_VARIABLE) in /home/ubuntu/workspace/cst336/labs/lab6/api/getSearchResults.php on line 18
[25-Mar-2019 06:14:06 UTC] PHP Parse error:  syntax error, unexpected '$namedParameters' (T_VARIABLE) in /home/ubuntu/workspace/cst336/labs/lab6/api/getSearchResults.php on line 18
[25-Mar-2019 06:14:50 UTC] PHP Parse error:  syntax error, unexpected '$namedParameters' (T_VARIABLE) in /home/ubuntu/workspace/cst336/labs/lab6/api/getSearchResults.php on line 18
[25-Mar-2019 06:15:07 UTC] PHP Fatal error:  Uncaught exception 'PDOException' with message 'SQLSTATE[42000]: Syntax error or access violation: 1064 You have an error in your SQL syntax; check the manual that corresponds to your MySQL server version for the right syntax to use near 'productName LIKE '%a%'' at line 1' in /home/ubuntu/workspace/cst336/labs/lab6/api/getSearchResults.php:22
Stack trace:
#0 /home/ubuntu/workspace/cst336/labs/lab6/api/getSearchResults.php(22): PDOStatement->execute(Array)
#1 {main}
  thrown in /home/ubuntu/workspace/cst336/labs/lab6/api/getSearchResults.php on line 22
[25-Mar-2019 06:16:34 UTC] PHP Fatal error:  Uncaught exception 'PDOException' with message 'SQLSTATE[42000]: Syntax error or access violation: 1064 You have an error in your SQL syntax; check the manual that corresponds to your MySQL server version for the right syntax to use near 'productName LIKE '%a%'' at line 1' in /home/ubuntu/workspace/cst336/labs/lab6/api/getSearchResults.php:22
Stack trace:
#0 /home/ubuntu/workspace/cst336/labs/lab6/api/getSearchResults.php(22): PDOStatement->execute(Array)
#1 {main}
  thrown in /home/ubuntu/workspace/cst336/labs/lab6/api/getSearchResults.php on line 22
[25-Mar-2019 06:17:00 UTC] PHP Fatal error:  Uncaught exception 'PDOException' with message 'SQLSTATE[42000]: Syntax error or access violation: 1064 You have an error in your SQL syntax; check the manual that corresponds to your MySQL server version for the right syntax to use near 'productName LIKE '%a%'' at line 1' in /home/ubuntu/workspace/cst336/labs/lab6/api/getSearchResults.php:22
Stack trace:
#0 /home/ubuntu/workspace/cst336/labs/lab6/api/getSearchResults.php(22): PDOStatement->execute(Array)
#1 {main}
  thrown in /home/ubuntu/workspace/cst336/labs/lab6/api/getSearchResults.php on line 22
[26-Mar-2019 05:35:25 UTC] PHP Fatal error:  Uncaught exception 'PDOException' with message 'SQLSTATE[HY000] [1045] Access denied for user '”root”'@'localhost' (using password: NO)' in /home/ubuntu/workspace/cst336/labs/lab6/dbConnection.php:18
Stack trace:
#0 /home/ubuntu/workspace/cst336/labs/lab6/dbConnection.php(18): PDO->__construct('mysql:host=loca...', '???root???', '')
#1 /home/ubuntu/workspace/cst336/labs/lab6/api/getCategories.php(5): getDatabaseConnection('ottermart')
#2 {main}
  thrown in /home/ubuntu/workspace/cst336/labs/lab6/dbConnection.php on line 18
[26-Mar-2019 05:35:26 UTC] PHP Fatal error:  Uncaught exception 'PDOException' with message 'SQLSTATE[HY000] [1045] Access denied for user '”root”'@'localhost' (using password: NO)' in /home/ubuntu/workspace/cst336/labs/lab6/dbConnection.php:18
Stack trace:
#0 /home/ubuntu/workspace/cst336/labs/lab6/dbConnection.php(18): PDO->__construct('mysql:host=loca...', '???root???', '')
#1 /home/ubuntu/workspace/cst336/labs/lab6/api/getSearchResults.php(4): getDatabaseConnection('ottermart')
#2 {main}
  thrown in /home/ubuntu/workspace/cst336/labs/lab6/dbConnection.php on line 18
[26-Mar-2019 05:35:28 UTC] PHP Fatal error:  Uncaught exception 'PDOException' with message 'SQLSTATE[HY000] [1045] Access denied for user '”root”'@'localhost' (using password: NO)' in /home/ubuntu/workspace/cst336/labs/lab6/dbConnection.php:18
Stack trace:
#0 /home/ubuntu/workspace/cst336/labs/lab6/dbConnection.php(18): PDO->__construct('mysql:host=loca...', '???root???', '')
#1 /home/ubuntu/workspace/cst336/labs/lab6/api/getSearchResults.php(4): getDatabaseConnection('ottermart')
#2 {main}
  thrown in /home/ubuntu/workspace/cst336/labs/lab6/dbConnection.php on line 18
[26-Mar-2019 05:38:59 UTC] PHP Fatal error:  Uncaught exception 'PDOException' with message 'SQLSTATE[HY000] [1045] Access denied for user '”root”'@'localhost' (using password: NO)' in /home/ubuntu/workspace/cst336/labs/lab6/dbConnection.php:18
Stack trace:
#0 /home/ubuntu/workspace/cst336/labs/lab6/dbConnection.php(18): PDO->__construct('mysql:host=loca...', '???root???', '')
#1 /home/ubuntu/workspace/cst336/labs/lab6/api/getCategories.php(5): getDatabaseConnection('ottermart')
#2 {main}
  thrown in /home/ubuntu/workspace/cst336/labs/lab6/dbConnection.php on line 18
