[15-Apr-2019 19:47:00 UTC] PHP Parse error:  syntax error, unexpected 'if' (T_IF) in /home/ubuntu/workspace/cst336/practice/p8/API/saveData.php on line 6
[15-Apr-2019 20:00:46 UTC] PHP Parse error:  syntax error, unexpected '{' in /home/ubuntu/workspace/cst336/practice/p8/API/saveData.php on line 9
[15-Apr-2019 20:02:49 UTC] PHP Parse error:  syntax error, unexpected '{' in /home/ubuntu/workspace/cst336/practice/p8/API/saveData.php on line 9
[15-Apr-2019 20:03:00 UTC] PHP Parse error:  syntax error, unexpected '{' in /home/ubuntu/workspace/cst336/practice/p8/API/saveData.php on line 9
[15-Apr-2019 20:10:47 UTC] PHP Fatal error:  Call to undefined function getDBConnection() in /home/ubuntu/workspace/cst336/practice/p8/API/sendData.php on line 4
[15-Apr-2019 20:10:47 UTC] PHP Stack trace:
[15-Apr-2019 20:10:47 UTC] PHP   1. {main}() /home/ubuntu/workspace/cst336/practice/p8/API/sendData.php:0
[15-Apr-2019 20:11:08 UTC] PHP Fatal error:  Call to undefined function getDBConnection() in /home/ubuntu/workspace/cst336/practice/p8/API/sendData.php on line 4
[15-Apr-2019 20:11:08 UTC] PHP Stack trace:
[15-Apr-2019 20:11:08 UTC] PHP   1. {main}() /home/ubuntu/workspace/cst336/practice/p8/API/sendData.php:0
[15-Apr-2019 20:11:16 UTC] PHP Fatal error:  Call to undefined function getDBConnection() in /home/ubuntu/workspace/cst336/practice/p8/API/sendData.php on line 4
[15-Apr-2019 20:11:16 UTC] PHP Stack trace:
[15-Apr-2019 20:11:16 UTC] PHP   1. {main}() /home/ubuntu/workspace/cst336/practice/p8/API/sendData.php:0
[15-Apr-2019 20:11:31 UTC] PHP Fatal error:  Call to undefined function getDBConnection() in /home/ubuntu/workspace/cst336/practice/p8/API/sendData.php on line 4
[15-Apr-2019 20:11:31 UTC] PHP Stack trace:
[15-Apr-2019 20:11:31 UTC] PHP   1. {main}() /home/ubuntu/workspace/cst336/practice/p8/API/sendData.php:0
[15-Apr-2019 20:11:47 UTC] PHP Fatal error:  Call to undefined function getDBConnection() in /home/ubuntu/workspace/cst336/practice/p8/API/sendData.php on line 4
[15-Apr-2019 20:11:47 UTC] PHP Stack trace:
[15-Apr-2019 20:11:47 UTC] PHP   1. {main}() /home/ubuntu/workspace/cst336/practice/p8/API/sendData.php:0
[15-Apr-2019 20:12:43 UTC] PHP Fatal error:  Call to undefined function getDBConnection() in /home/ubuntu/workspace/cst336/practice/p8/API/sendData.php on line 4
[15-Apr-2019 20:12:43 UTC] PHP Stack trace:
[15-Apr-2019 20:12:43 UTC] PHP   1. {main}() /home/ubuntu/workspace/cst336/practice/p8/API/sendData.php:0
[15-Apr-2019 20:12:45 UTC] PHP Fatal error:  Call to undefined function getDBConnection() in /home/ubuntu/workspace/cst336/practice/p8/API/sendData.php on line 4
[15-Apr-2019 20:12:45 UTC] PHP Stack trace:
[15-Apr-2019 20:12:45 UTC] PHP   1. {main}() /home/ubuntu/workspace/cst336/practice/p8/API/sendData.php:0
[15-Apr-2019 20:13:27 UTC] PHP Fatal error:  Call to undefined function getDBConnection() in /home/ubuntu/workspace/cst336/practice/p8/API/sendData.php on line 4
[15-Apr-2019 20:13:27 UTC] PHP Stack trace:
[15-Apr-2019 20:13:27 UTC] PHP   1. {main}() /home/ubuntu/workspace/cst336/practice/p8/API/sendData.php:0
[15-Apr-2019 20:13:28 UTC] PHP Fatal error:  Call to undefined function getDBConnection() in /home/ubuntu/workspace/cst336/practice/p8/API/sendData.php on line 4
[15-Apr-2019 20:13:28 UTC] PHP Stack trace:
[15-Apr-2019 20:13:28 UTC] PHP   1. {main}() /home/ubuntu/workspace/cst336/practice/p8/API/sendData.php:0
[15-Apr-2019 20:13:30 UTC] PHP Fatal error:  Call to undefined function getDBConnection() in /home/ubuntu/workspace/cst336/practice/p8/API/sendData.php on line 4
[15-Apr-2019 20:13:30 UTC] PHP Stack trace:
[15-Apr-2019 20:13:30 UTC] PHP   1. {main}() /home/ubuntu/workspace/cst336/practice/p8/API/sendData.php:0
[15-Apr-2019 20:13:31 UTC] PHP Fatal error:  Call to undefined function getDBConnection() in /home/ubuntu/workspace/cst336/practice/p8/API/sendData.php on line 4
[15-Apr-2019 20:13:31 UTC] PHP Stack trace:
[15-Apr-2019 20:13:31 UTC] PHP   1. {main}() /home/ubuntu/workspace/cst336/practice/p8/API/sendData.php:0
[15-Apr-2019 20:15:35 UTC] PHP Fatal error:  Call to undefined function getDBConnection() in /home/ubuntu/workspace/cst336/practice/p8/API/sendData.php on line 4
[15-Apr-2019 20:15:35 UTC] PHP Stack trace:
[15-Apr-2019 20:15:35 UTC] PHP   1. {main}() /home/ubuntu/workspace/cst336/practice/p8/API/sendData.php:0
[15-Apr-2019 20:15:36 UTC] PHP Fatal error:  Call to undefined function getDBConnection() in /home/ubuntu/workspace/cst336/practice/p8/API/sendData.php on line 4
[15-Apr-2019 20:15:36 UTC] PHP Stack trace:
[15-Apr-2019 20:15:36 UTC] PHP   1. {main}() /home/ubuntu/workspace/cst336/practice/p8/API/sendData.php:0
[15-Apr-2019 20:15:38 UTC] PHP Fatal error:  Call to undefined function getDBConnection() in /home/ubuntu/workspace/cst336/practice/p8/API/sendData.php on line 4
[15-Apr-2019 20:15:38 UTC] PHP Stack trace:
[15-Apr-2019 20:15:38 UTC] PHP   1. {main}() /home/ubuntu/workspace/cst336/practice/p8/API/sendData.php:0
[15-Apr-2019 20:16:24 UTC] PHP Parse error:  syntax error, unexpected '=>' (T_DOUBLE_ARROW) in /home/ubuntu/workspace/cst336/practice/p8/API/sendData.php on line 19
[15-Apr-2019 20:16:25 UTC] PHP Parse error:  syntax error, unexpected '=>' (T_DOUBLE_ARROW) in /home/ubuntu/workspace/cst336/practice/p8/API/sendData.php on line 19
[15-Apr-2019 20:16:27 UTC] PHP Parse error:  syntax error, unexpected '=>' (T_DOUBLE_ARROW) in /home/ubuntu/workspace/cst336/practice/p8/API/sendData.php on line 19
[15-Apr-2019 20:16:36 UTC] PHP Parse error:  syntax error, unexpected '=>' (T_DOUBLE_ARROW) in /home/ubuntu/workspace/cst336/practice/p8/API/sendData.php on line 19
[15-Apr-2019 20:17:12 UTC] PHP Fatal error:  Call to undefined function getDBConnection() in /home/ubuntu/workspace/cst336/practice/p8/API/sendData.php on line 4
[15-Apr-2019 20:17:12 UTC] PHP Stack trace:
[15-Apr-2019 20:17:12 UTC] PHP   1. {main}() /home/ubuntu/workspace/cst336/practice/p8/API/sendData.php:0
[15-Apr-2019 20:17:59 UTC] PHP Fatal error:  Call to undefined function getDBConnection() in /home/ubuntu/workspace/cst336/practice/p8/API/sendData.php on line 4
[15-Apr-2019 20:17:59 UTC] PHP Stack trace:
[15-Apr-2019 20:17:59 UTC] PHP   1. {main}() /home/ubuntu/workspace/cst336/practice/p8/API/sendData.php:0
