[10-Mar-2019 00:27:31 UTC] PHP Parse error:  syntax error, unexpected 'echo' (T_ECHO) in /home/ubuntu/workspace/cst336/labs/lab5/server.php on line 60
[10-Mar-2019 00:28:02 UTC] PHP Parse error:  syntax error, unexpected 'echo' (T_ECHO) in /home/ubuntu/workspace/cst336/labs/lab5/server.php on line 58
[10-Mar-2019 00:28:26 UTC] PHP Warning:  Creating default object from empty value in /home/ubuntu/workspace/cst336/labs/lab5/server.php on line 53
[10-Mar-2019 00:28:26 UTC] PHP Stack trace:
[10-Mar-2019 00:28:26 UTC] PHP   1. {main}() /home/ubuntu/workspace/cst336/labs/lab5/server.php:0
[10-Mar-2019 00:28:26 UTC] PHP   2. onGet() /home/ubuntu/workspace/cst336/labs/lab5/server.php:11
[10-Mar-2019 00:29:23 UTC] PHP Parse error:  syntax error, unexpected 'echo' (T_ECHO) in /home/ubuntu/workspace/cst336/labs/lab5/server.php on line 58
[10-Mar-2019 00:29:57 UTC] PHP Parse error:  syntax error, unexpected 'echo' (T_ECHO) in /home/ubuntu/workspace/cst336/labs/lab5/server.php on line 59
[10-Mar-2019 00:30:18 UTC] PHP Parse error:  syntax error, unexpected 'echo' (T_ECHO) in /home/ubuntu/workspace/cst336/labs/lab5/server.php on line 59
[10-Mar-2019 00:30:30 UTC] PHP Parse error:  syntax error, unexpected 'echo' (T_ECHO) in /home/ubuntu/workspace/cst336/labs/lab5/server.php on line 59
[10-Mar-2019 00:31:38 UTC] PHP Warning:  Creating default object from empty value in /home/ubuntu/workspace/cst336/labs/lab5/server.php on line 53
[10-Mar-2019 00:31:38 UTC] PHP Stack trace:
[10-Mar-2019 00:31:38 UTC] PHP   1. {main}() /home/ubuntu/workspace/cst336/labs/lab5/server.php:0
[10-Mar-2019 00:31:38 UTC] PHP   2. onGet() /home/ubuntu/workspace/cst336/labs/lab5/server.php:11
[10-Mar-2019 00:32:50 UTC] PHP Parse error:  syntax error, unexpected 'echo' (T_ECHO) in /home/ubuntu/workspace/cst336/labs/lab5/server.php on line 66
[10-Mar-2019 00:33:19 UTC] PHP Parse error:  syntax error, unexpected 'echo' (T_ECHO) in /home/ubuntu/workspace/cst336/labs/lab5/server.php on line 59
[10-Mar-2019 00:34:03 UTC] PHP Parse error:  syntax error, unexpected 'echo' (T_ECHO) in /home/ubuntu/workspace/cst336/labs/lab5/server.php on line 56
[10-Mar-2019 00:34:43 UTC] PHP Warning:  Creating default object from empty value in /home/ubuntu/workspace/cst336/labs/lab5/server.php on line 53
[10-Mar-2019 00:34:43 UTC] PHP Stack trace:
[10-Mar-2019 00:34:43 UTC] PHP   1. {main}() /home/ubuntu/workspace/cst336/labs/lab5/server.php:0
[10-Mar-2019 00:34:43 UTC] PHP   2. onGet() /home/ubuntu/workspace/cst336/labs/lab5/server.php:11
[10-Mar-2019 00:35:44 UTC] PHP Warning:  Attempt to assign property of non-object in /home/ubuntu/workspace/cst336/labs/lab5/server.php on line 54
[10-Mar-2019 00:35:44 UTC] PHP Stack trace:
[10-Mar-2019 00:35:44 UTC] PHP   1. {main}() /home/ubuntu/workspace/cst336/labs/lab5/server.php:0
[10-Mar-2019 00:35:44 UTC] PHP   2. onGet() /home/ubuntu/workspace/cst336/labs/lab5/server.php:11
[10-Mar-2019 00:35:44 UTC] PHP Warning:  Attempt to assign property of non-object in /home/ubuntu/workspace/cst336/labs/lab5/server.php on line 55
[10-Mar-2019 00:35:44 UTC] PHP Stack trace:
[10-Mar-2019 00:35:44 UTC] PHP   1. {main}() /home/ubuntu/workspace/cst336/labs/lab5/server.php:0
[10-Mar-2019 00:35:44 UTC] PHP   2. onGet() /home/ubuntu/workspace/cst336/labs/lab5/server.php:11
[10-Mar-2019 00:35:44 UTC] PHP Warning:  Attempt to assign property of non-object in /home/ubuntu/workspace/cst336/labs/lab5/server.php on line 56
[10-Mar-2019 00:35:44 UTC] PHP Stack trace:
[10-Mar-2019 00:35:44 UTC] PHP   1. {main}() /home/ubuntu/workspace/cst336/labs/lab5/server.php:0
[10-Mar-2019 00:35:44 UTC] PHP   2. onGet() /home/ubuntu/workspace/cst336/labs/lab5/server.php:11
[10-Mar-2019 00:36:07 UTC] PHP Warning:  Attempt to assign property of non-object in /home/ubuntu/workspace/cst336/labs/lab5/server.php on line 54
[10-Mar-2019 00:36:07 UTC] PHP Stack trace:
[10-Mar-2019 00:36:07 UTC] PHP   1. {main}() /home/ubuntu/workspace/cst336/labs/lab5/server.php:0
[10-Mar-2019 00:36:07 UTC] PHP   2. onGet() /home/ubuntu/workspace/cst336/labs/lab5/server.php:11
[10-Mar-2019 00:39:39 UTC] PHP Parse error:  syntax error, unexpected 'echo' (T_ECHO) in /home/ubuntu/workspace/cst336/labs/lab5/server.php on line 61
[10-Mar-2019 00:45:43 UTC] PHP Parse error:  syntax error, unexpected '<' in /home/ubuntu/workspace/cst336/labs/lab5/server.php on line 6
[10-Mar-2019 01:00:26 UTC] PHP Warning:  in_array() expects at least 2 parameters, 1 given in /home/ubuntu/workspace/cst336/labs/lab5/server.php on line 39
[10-Mar-2019 01:00:26 UTC] PHP Stack trace:
[10-Mar-2019 01:00:26 UTC] PHP   1. {main}() /home/ubuntu/workspace/cst336/labs/lab5/server.php:0
[10-Mar-2019 01:00:26 UTC] PHP   2. onPost() /home/ubuntu/workspace/cst336/labs/lab5/server.php:16
[10-Mar-2019 01:00:26 UTC] PHP   3. in_array() /home/ubuntu/workspace/cst336/labs/lab5/server.php:39
[10-Mar-2019 01:00:38 UTC] PHP Warning:  in_array() expects at least 2 parameters, 1 given in /home/ubuntu/workspace/cst336/labs/lab5/server.php on line 39
[10-Mar-2019 01:00:38 UTC] PHP Stack trace:
[10-Mar-2019 01:00:38 UTC] PHP   1. {main}() /home/ubuntu/workspace/cst336/labs/lab5/server.php:0
[10-Mar-2019 01:00:38 UTC] PHP   2. onPost() /home/ubuntu/workspace/cst336/labs/lab5/server.php:16
[10-Mar-2019 01:00:38 UTC] PHP   3. in_array() /home/ubuntu/workspace/cst336/labs/lab5/server.php:39
[10-Mar-2019 01:01:28 UTC] PHP Warning:  in_array() expects parameter 2 to be array, null given in /home/ubuntu/workspace/cst336/labs/lab5/server.php on line 39
[10-Mar-2019 01:01:28 UTC] PHP Stack trace:
[10-Mar-2019 01:01:28 UTC] PHP   1. {main}() /home/ubuntu/workspace/cst336/labs/lab5/server.php:0
[10-Mar-2019 01:01:28 UTC] PHP   2. onPost() /home/ubuntu/workspace/cst336/labs/lab5/server.php:16
[10-Mar-2019 01:01:28 UTC] PHP   3. in_array() /home/ubuntu/workspace/cst336/labs/lab5/server.php:39
[10-Mar-2019 01:02:57 UTC] PHP Warning:  in_array() expects parameter 2 to be array, null given in /home/ubuntu/workspace/cst336/labs/lab5/server.php on line 39
[10-Mar-2019 01:02:57 UTC] PHP Stack trace:
[10-Mar-2019 01:02:57 UTC] PHP   1. {main}() /home/ubuntu/workspace/cst336/labs/lab5/server.php:0
[10-Mar-2019 01:02:57 UTC] PHP   2. onPost() /home/ubuntu/workspace/cst336/labs/lab5/server.php:16
[10-Mar-2019 01:02:57 UTC] PHP   3. in_array() /home/ubuntu/workspace/cst336/labs/lab5/server.php:39
[10-Mar-2019 01:03:13 UTC] PHP Warning:  in_array() expects parameter 2 to be array, null given in /home/ubuntu/workspace/cst336/labs/lab5/server.php on line 39
[10-Mar-2019 01:03:13 UTC] PHP Stack trace:
[10-Mar-2019 01:03:13 UTC] PHP   1. {main}() /home/ubuntu/workspace/cst336/labs/lab5/server.php:0
[10-Mar-2019 01:03:13 UTC] PHP   2. onPost() /home/ubuntu/workspace/cst336/labs/lab5/server.php:16
[10-Mar-2019 01:03:13 UTC] PHP   3. in_array() /home/ubuntu/workspace/cst336/labs/lab5/server.php:39
[10-Mar-2019 01:03:13 UTC] PHP Warning:  array_push() expects parameter 1 to be array, null given in /home/ubuntu/workspace/cst336/labs/lab5/server.php on line 44
[10-Mar-2019 01:03:13 UTC] PHP Stack trace:
[10-Mar-2019 01:03:13 UTC] PHP   1. {main}() /home/ubuntu/workspace/cst336/labs/lab5/server.php:0
[10-Mar-2019 01:03:13 UTC] PHP   2. onPost() /home/ubuntu/workspace/cst336/labs/lab5/server.php:16
[10-Mar-2019 01:03:13 UTC] PHP   3. array_push() /home/ubuntu/workspace/cst336/labs/lab5/server.php:44
[10-Mar-2019 01:05:01 UTC] PHP Warning:  array_push() expects parameter 1 to be array, null given in /home/ubuntu/workspace/cst336/labs/lab5/server.php on line 45
[10-Mar-2019 01:05:01 UTC] PHP Stack trace:
[10-Mar-2019 01:05:01 UTC] PHP   1. {main}() /home/ubuntu/workspace/cst336/labs/lab5/server.php:0
[10-Mar-2019 01:05:01 UTC] PHP   2. onPost() /home/ubuntu/workspace/cst336/labs/lab5/server.php:16
[10-Mar-2019 01:05:01 UTC] PHP   3. array_push() /home/ubuntu/workspace/cst336/labs/lab5/server.php:45
[10-Mar-2019 01:31:44 UTC] PHP Fatal error:  Cannot use object of type stdClass as array in /home/ubuntu/workspace/cst336/labs/lab5/server.php on line 52
[10-Mar-2019 01:31:44 UTC] PHP Stack trace:
[10-Mar-2019 01:31:44 UTC] PHP   1. {main}() /home/ubuntu/workspace/cst336/labs/lab5/server.php:0
[10-Mar-2019 01:31:44 UTC] PHP   2. onPost() /home/ubuntu/workspace/cst336/labs/lab5/server.php:16
[10-Mar-2019 01:31:46 UTC] PHP Fatal error:  Cannot use object of type stdClass as array in /home/ubuntu/workspace/cst336/labs/lab5/server.php on line 52
[10-Mar-2019 01:31:46 UTC] PHP Stack trace:
[10-Mar-2019 01:31:46 UTC] PHP   1. {main}() /home/ubuntu/workspace/cst336/labs/lab5/server.php:0
[10-Mar-2019 01:31:46 UTC] PHP   2. onPost() /home/ubuntu/workspace/cst336/labs/lab5/server.php:16
[10-Mar-2019 01:31:47 UTC] PHP Fatal error:  Cannot use object of type stdClass as array in /home/ubuntu/workspace/cst336/labs/lab5/server.php on line 52
[10-Mar-2019 01:31:47 UTC] PHP Stack trace:
[10-Mar-2019 01:31:47 UTC] PHP   1. {main}() /home/ubuntu/workspace/cst336/labs/lab5/server.php:0
[10-Mar-2019 01:31:47 UTC] PHP   2. onPost() /home/ubuntu/workspace/cst336/labs/lab5/server.php:16
[10-Mar-2019 01:31:47 UTC] PHP Fatal error:  Cannot use object of type stdClass as array in /home/ubuntu/workspace/cst336/labs/lab5/server.php on line 52
[10-Mar-2019 01:31:47 UTC] PHP Stack trace:
[10-Mar-2019 01:31:47 UTC] PHP   1. {main}() /home/ubuntu/workspace/cst336/labs/lab5/server.php:0
[10-Mar-2019 01:31:47 UTC] PHP   2. onPost() /home/ubuntu/workspace/cst336/labs/lab5/server.php:16
[10-Mar-2019 01:31:52 UTC] PHP Fatal error:  Cannot use object of type stdClass as array in /home/ubuntu/workspace/cst336/labs/lab5/server.php on line 52
[10-Mar-2019 01:31:52 UTC] PHP Stack trace:
[10-Mar-2019 01:31:52 UTC] PHP   1. {main}() /home/ubuntu/workspace/cst336/labs/lab5/server.php:0
[10-Mar-2019 01:31:52 UTC] PHP   2. onPost() /home/ubuntu/workspace/cst336/labs/lab5/server.php:16
[10-Mar-2019 01:31:58 UTC] PHP Fatal error:  Cannot use object of type stdClass as array in /home/ubuntu/workspace/cst336/labs/lab5/server.php on line 52
[10-Mar-2019 01:31:58 UTC] PHP Stack trace:
[10-Mar-2019 01:31:58 UTC] PHP   1. {main}() /home/ubuntu/workspace/cst336/labs/lab5/server.php:0
[10-Mar-2019 01:31:58 UTC] PHP   2. onPost() /home/ubuntu/workspace/cst336/labs/lab5/server.php:16
[10-Mar-2019 01:32:14 UTC] PHP Fatal error:  Cannot use object of type stdClass as array in /home/ubuntu/workspace/cst336/labs/lab5/server.php on line 52
[10-Mar-2019 01:32:14 UTC] PHP Stack trace:
[10-Mar-2019 01:32:14 UTC] PHP   1. {main}() /home/ubuntu/workspace/cst336/labs/lab5/server.php:0
[10-Mar-2019 01:32:14 UTC] PHP   2. onPost() /home/ubuntu/workspace/cst336/labs/lab5/server.php:16
[10-Mar-2019 01:32:45 UTC] PHP Parse error:  syntax error, unexpected '"something"' (T_CONSTANT_ENCAPSED_STRING), expecting identifier (T_STRING) or variable (T_VARIABLE) or '{' or '$' in /home/ubuntu/workspace/cst336/labs/lab5/server.php on line 52
[10-Mar-2019 01:35:13 UTC] PHP Parse error:  syntax error, unexpected '<' in /home/ubuntu/workspace/cst336/labs/lab5/server.php on line 69
[10-Mar-2019 01:35:20 UTC] PHP Parse error:  syntax error, unexpected '<' in /home/ubuntu/workspace/cst336/labs/lab5/server.php on line 69
[10-Mar-2019 02:31:25 UTC] PHP Warning:  Creating default object from empty value in /home/ubuntu/workspace/cst336/labs/lab5/server.php on line 8
[10-Mar-2019 02:31:25 UTC] PHP Stack trace:
[10-Mar-2019 02:31:25 UTC] PHP   1. {main}() /home/ubuntu/workspace/cst336/labs/lab5/server.php:0
[10-Mar-2019 02:40:15 UTC] PHP Warning:  Illegal offset type in /home/ubuntu/workspace/cst336/labs/lab5/server.php on line 35
[10-Mar-2019 02:40:15 UTC] PHP Stack trace:
[10-Mar-2019 02:40:15 UTC] PHP   1. {main}() /home/ubuntu/workspace/cst336/labs/lab5/server.php:0
[10-Mar-2019 02:40:15 UTC] PHP   2. onPost() /home/ubuntu/workspace/cst336/labs/lab5/server.php:16
[10-Mar-2019 02:40:15 UTC] PHP Warning:  in_array() expects parameter 2 to be array, null given in /home/ubuntu/workspace/cst336/labs/lab5/server.php on line 35
[10-Mar-2019 02:40:15 UTC] PHP Stack trace:
[10-Mar-2019 02:40:15 UTC] PHP   1. {main}() /home/ubuntu/workspace/cst336/labs/lab5/server.php:0
[10-Mar-2019 02:40:15 UTC] PHP   2. onPost() /home/ubuntu/workspace/cst336/labs/lab5/server.php:16
[10-Mar-2019 02:40:15 UTC] PHP   3. in_array() /home/ubuntu/workspace/cst336/labs/lab5/server.php:35
[10-Mar-2019 02:42:33 UTC] PHP Warning:  Illegal offset type in /home/ubuntu/workspace/cst336/labs/lab5/server.php on line 35
[10-Mar-2019 02:42:33 UTC] PHP Stack trace:
[10-Mar-2019 02:42:33 UTC] PHP   1. {main}() /home/ubuntu/workspace/cst336/labs/lab5/server.php:0
[10-Mar-2019 02:42:33 UTC] PHP   2. onPost() /home/ubuntu/workspace/cst336/labs/lab5/server.php:16
[10-Mar-2019 02:42:33 UTC] PHP Warning:  in_array() expects parameter 2 to be array, null given in /home/ubuntu/workspace/cst336/labs/lab5/server.php on line 35
[10-Mar-2019 02:42:33 UTC] PHP Stack trace:
[10-Mar-2019 02:42:33 UTC] PHP   1. {main}() /home/ubuntu/workspace/cst336/labs/lab5/server.php:0
[10-Mar-2019 02:42:33 UTC] PHP   2. onPost() /home/ubuntu/workspace/cst336/labs/lab5/server.php:16
[10-Mar-2019 02:42:33 UTC] PHP   3. in_array() /home/ubuntu/workspace/cst336/labs/lab5/server.php:35
[10-Mar-2019 02:42:33 UTC] PHP Warning:  Illegal offset type in /home/ubuntu/workspace/cst336/labs/lab5/server.php on line 40
[10-Mar-2019 02:42:33 UTC] PHP Stack trace:
[10-Mar-2019 02:42:33 UTC] PHP   1. {main}() /home/ubuntu/workspace/cst336/labs/lab5/server.php:0
[10-Mar-2019 02:42:33 UTC] PHP   2. onPost() /home/ubuntu/workspace/cst336/labs/lab5/server.php:16
[10-Mar-2019 02:42:33 UTC] PHP Warning:  array_push() expects parameter 1 to be array, null given in /home/ubuntu/workspace/cst336/labs/lab5/server.php on line 40
[10-Mar-2019 02:42:33 UTC] PHP Stack trace:
[10-Mar-2019 02:42:33 UTC] PHP   1. {main}() /home/ubuntu/workspace/cst336/labs/lab5/server.php:0
[10-Mar-2019 02:42:33 UTC] PHP   2. onPost() /home/ubuntu/workspace/cst336/labs/lab5/server.php:16
[10-Mar-2019 02:42:33 UTC] PHP   3. array_push() /home/ubuntu/workspace/cst336/labs/lab5/server.php:40
[10-Mar-2019 02:48:55 UTC] PHP Warning:  in_array() expects parameter 2 to be array, string given in /home/ubuntu/workspace/cst336/labs/lab5/server.php on line 37
[10-Mar-2019 02:48:55 UTC] PHP Stack trace:
[10-Mar-2019 02:48:55 UTC] PHP   1. {main}() /home/ubuntu/workspace/cst336/labs/lab5/server.php:0
[10-Mar-2019 02:48:55 UTC] PHP   2. onPost() /home/ubuntu/workspace/cst336/labs/lab5/server.php:16
[10-Mar-2019 02:48:55 UTC] PHP   3. in_array() /home/ubuntu/workspace/cst336/labs/lab5/server.php:37
[10-Mar-2019 02:48:55 UTC] PHP Warning:  array_push() expects parameter 1 to be array, null given in /home/ubuntu/workspace/cst336/labs/lab5/server.php on line 42
[10-Mar-2019 02:48:55 UTC] PHP Stack trace:
[10-Mar-2019 02:48:55 UTC] PHP   1. {main}() /home/ubuntu/workspace/cst336/labs/lab5/server.php:0
[10-Mar-2019 02:48:55 UTC] PHP   2. onPost() /home/ubuntu/workspace/cst336/labs/lab5/server.php:16
[10-Mar-2019 02:48:55 UTC] PHP   3. array_push() /home/ubuntu/workspace/cst336/labs/lab5/server.php:42
[10-Mar-2019 02:49:15 UTC] PHP Warning:  in_array() expects parameter 2 to be array, null given in /home/ubuntu/workspace/cst336/labs/lab5/server.php on line 37
[10-Mar-2019 02:49:15 UTC] PHP Stack trace:
[10-Mar-2019 02:49:15 UTC] PHP   1. {main}() /home/ubuntu/workspace/cst336/labs/lab5/server.php:0
[10-Mar-2019 02:49:15 UTC] PHP   2. onPost() /home/ubuntu/workspace/cst336/labs/lab5/server.php:16
[10-Mar-2019 02:49:15 UTC] PHP   3. in_array() /home/ubuntu/workspace/cst336/labs/lab5/server.php:37
[10-Mar-2019 02:49:15 UTC] PHP Warning:  array_push() expects parameter 1 to be array, null given in /home/ubuntu/workspace/cst336/labs/lab5/server.php on line 42
[10-Mar-2019 02:49:15 UTC] PHP Stack trace:
[10-Mar-2019 02:49:15 UTC] PHP   1. {main}() /home/ubuntu/workspace/cst336/labs/lab5/server.php:0
[10-Mar-2019 02:49:15 UTC] PHP   2. onPost() /home/ubuntu/workspace/cst336/labs/lab5/server.php:16
[10-Mar-2019 02:49:15 UTC] PHP   3. array_push() /home/ubuntu/workspace/cst336/labs/lab5/server.php:42
[10-Mar-2019 02:49:34 UTC] PHP Warning:  in_array() expects parameter 2 to be array, null given in /home/ubuntu/workspace/cst336/labs/lab5/server.php on line 38
[10-Mar-2019 02:49:34 UTC] PHP Stack trace:
[10-Mar-2019 02:49:34 UTC] PHP   1. {main}() /home/ubuntu/workspace/cst336/labs/lab5/server.php:0
[10-Mar-2019 02:49:34 UTC] PHP   2. onPost() /home/ubuntu/workspace/cst336/labs/lab5/server.php:17
[10-Mar-2019 02:49:34 UTC] PHP   3. in_array() /home/ubuntu/workspace/cst336/labs/lab5/server.php:38
[10-Mar-2019 02:49:34 UTC] PHP Warning:  array_push() expects parameter 1 to be array, null given in /home/ubuntu/workspace/cst336/labs/lab5/server.php on line 43
[10-Mar-2019 02:49:34 UTC] PHP Stack trace:
[10-Mar-2019 02:49:34 UTC] PHP   1. {main}() /home/ubuntu/workspace/cst336/labs/lab5/server.php:0
[10-Mar-2019 02:49:34 UTC] PHP   2. onPost() /home/ubuntu/workspace/cst336/labs/lab5/server.php:17
[10-Mar-2019 02:49:34 UTC] PHP   3. array_push() /home/ubuntu/workspace/cst336/labs/lab5/server.php:43
[10-Mar-2019 02:49:51 UTC] PHP Warning:  array_push() expects parameter 1 to be array, null given in /home/ubuntu/workspace/cst336/labs/lab5/server.php on line 43
[10-Mar-2019 02:49:51 UTC] PHP Stack trace:
[10-Mar-2019 02:49:51 UTC] PHP   1. {main}() /home/ubuntu/workspace/cst336/labs/lab5/server.php:0
[10-Mar-2019 02:49:51 UTC] PHP   2. onPost() /home/ubuntu/workspace/cst336/labs/lab5/server.php:17
[10-Mar-2019 02:49:51 UTC] PHP   3. array_push() /home/ubuntu/workspace/cst336/labs/lab5/server.php:43
[10-Mar-2019 02:55:40 UTC] PHP Warning:  in_array() expects parameter 2 to be array, null given in /home/ubuntu/workspace/cst336/labs/lab5/server.php on line 36
[10-Mar-2019 02:55:40 UTC] PHP Stack trace:
[10-Mar-2019 02:55:40 UTC] PHP   1. {main}() /home/ubuntu/workspace/cst336/labs/lab5/server.php:0
[10-Mar-2019 02:55:40 UTC] PHP   2. onPost() /home/ubuntu/workspace/cst336/labs/lab5/server.php:15
[10-Mar-2019 02:55:40 UTC] PHP   3. in_array() /home/ubuntu/workspace/cst336/labs/lab5/server.php:36
[10-Mar-2019 02:55:40 UTC] PHP Warning:  array_push() expects parameter 1 to be array, null given in /home/ubuntu/workspace/cst336/labs/lab5/server.php on line 41
[10-Mar-2019 02:55:40 UTC] PHP Stack trace:
[10-Mar-2019 02:55:40 UTC] PHP   1. {main}() /home/ubuntu/workspace/cst336/labs/lab5/server.php:0
[10-Mar-2019 02:55:40 UTC] PHP   2. onPost() /home/ubuntu/workspace/cst336/labs/lab5/server.php:15
[10-Mar-2019 02:55:40 UTC] PHP   3. array_push() /home/ubuntu/workspace/cst336/labs/lab5/server.php:41
[10-Mar-2019 02:56:53 UTC] PHP Warning:  Invalid argument supplied for foreach() in /home/ubuntu/workspace/cst336/labs/lab5/server.php on line 35
[10-Mar-2019 02:56:53 UTC] PHP Stack trace:
[10-Mar-2019 02:56:53 UTC] PHP   1. {main}() /home/ubuntu/workspace/cst336/labs/lab5/server.php:0
[10-Mar-2019 02:56:53 UTC] PHP   2. onPost() /home/ubuntu/workspace/cst336/labs/lab5/server.php:14
[10-Mar-2019 02:57:13 UTC] PHP Fatal error:  Call to undefined function start_session() in /home/ubuntu/workspace/cst336/labs/lab5/server.php on line 4
[10-Mar-2019 02:57:13 UTC] PHP Stack trace:
[10-Mar-2019 02:57:13 UTC] PHP   1. {main}() /home/ubuntu/workspace/cst336/labs/lab5/server.php:0
[10-Mar-2019 02:59:43 UTC] PHP Fatal error:  Unsupported operand types in /home/ubuntu/workspace/cst336/labs/lab5/server.php on line 42
[10-Mar-2019 02:59:43 UTC] PHP Stack trace:
[10-Mar-2019 02:59:43 UTC] PHP   1. {main}() /home/ubuntu/workspace/cst336/labs/lab5/server.php:0
[10-Mar-2019 02:59:43 UTC] PHP   2. onPost() /home/ubuntu/workspace/cst336/labs/lab5/server.php:15
[10-Mar-2019 03:09:43 UTC] PHP Parse error:  syntax error, unexpected '[' in /home/ubuntu/workspace/cst336/labs/lab5/server.php on line 35
[10-Mar-2019 03:10:11 UTC] PHP Parse error:  syntax error, unexpected '[' in /home/ubuntu/workspace/cst336/labs/lab5/server.php on line 35
[10-Mar-2019 03:10:47 UTC] PHP Parse error:  syntax error, unexpected '[' in /home/ubuntu/workspace/cst336/labs/lab5/server.php on line 35
[10-Mar-2019 03:12:20 UTC] PHP Warning:  json_decode() expects parameter 1 to be string, array given in /home/ubuntu/workspace/cst336/labs/lab5/server.php on line 29
[10-Mar-2019 03:12:20 UTC] PHP Stack trace:
[10-Mar-2019 03:12:20 UTC] PHP   1. {main}() /home/ubuntu/workspace/cst336/labs/lab5/server.php:0
[10-Mar-2019 03:12:20 UTC] PHP   2. processForm() /home/ubuntu/workspace/cst336/labs/lab5/server.php:18
[10-Mar-2019 03:12:20 UTC] PHP   3. json_decode() /home/ubuntu/workspace/cst336/labs/lab5/server.php:29
[10-Mar-2019 03:16:01 UTC] PHP Parse error:  syntax error, unexpected '=>' (T_DOUBLE_ARROW) in /home/ubuntu/workspace/cst336/labs/lab5/server.php on line 58
[10-Mar-2019 03:16:02 UTC] PHP Parse error:  syntax error, unexpected '=>' (T_DOUBLE_ARROW) in /home/ubuntu/workspace/cst336/labs/lab5/server.php on line 58
[10-Mar-2019 03:16:03 UTC] PHP Parse error:  syntax error, unexpected '=>' (T_DOUBLE_ARROW) in /home/ubuntu/workspace/cst336/labs/lab5/server.php on line 58
[10-Mar-2019 03:19:05 UTC] PHP Fatal error:  Cannot use object of type stdClass as array in /home/ubuntu/workspace/cst336/labs/lab5/server.php on line 61
[10-Mar-2019 03:19:05 UTC] PHP Stack trace:
[10-Mar-2019 03:19:05 UTC] PHP   1. {main}() /home/ubuntu/workspace/cst336/labs/lab5/server.php:0
[10-Mar-2019 03:19:05 UTC] PHP   2. processForm() /home/ubuntu/workspace/cst336/labs/lab5/server.php:18
[10-Mar-2019 03:19:06 UTC] PHP Fatal error:  Cannot use object of type stdClass as array in /home/ubuntu/workspace/cst336/labs/lab5/server.php on line 61
[10-Mar-2019 03:19:06 UTC] PHP Stack trace:
[10-Mar-2019 03:19:06 UTC] PHP   1. {main}() /home/ubuntu/workspace/cst336/labs/lab5/server.php:0
[10-Mar-2019 03:19:06 UTC] PHP   2. processForm() /home/ubuntu/workspace/cst336/labs/lab5/server.php:18
[10-Mar-2019 03:19:06 UTC] PHP Fatal error:  Cannot use object of type stdClass as array in /home/ubuntu/workspace/cst336/labs/lab5/server.php on line 61
[10-Mar-2019 03:19:06 UTC] PHP Stack trace:
[10-Mar-2019 03:19:06 UTC] PHP   1. {main}() /home/ubuntu/workspace/cst336/labs/lab5/server.php:0
[10-Mar-2019 03:19:06 UTC] PHP   2. processForm() /home/ubuntu/workspace/cst336/labs/lab5/server.php:18
[10-Mar-2019 03:19:07 UTC] PHP Fatal error:  Cannot use object of type stdClass as array in /home/ubuntu/workspace/cst336/labs/lab5/server.php on line 61
[10-Mar-2019 03:19:07 UTC] PHP Stack trace:
[10-Mar-2019 03:19:07 UTC] PHP   1. {main}() /home/ubuntu/workspace/cst336/labs/lab5/server.php:0
[10-Mar-2019 03:19:07 UTC] PHP   2. processForm() /home/ubuntu/workspace/cst336/labs/lab5/server.php:18
[10-Mar-2019 03:51:30 UTC] PHP Warning:  Creating default object from empty value in /home/ubuntu/workspace/cst336/labs/lab5/server.php on line 45
[10-Mar-2019 03:51:30 UTC] PHP Stack trace:
[10-Mar-2019 03:51:30 UTC] PHP   1. {main}() /home/ubuntu/workspace/cst336/labs/lab5/server.php:0
[10-Mar-2019 03:51:30 UTC] PHP   2. onPost() /home/ubuntu/workspace/cst336/labs/lab5/server.php:16
[10-Mar-2019 03:55:59 UTC] PHP Parse error:  syntax error, unexpected '=>' (T_DOUBLE_ARROW) in /home/ubuntu/workspace/cst336/labs/lab5/server.php on line 41
[10-Mar-2019 03:56:01 UTC] PHP Parse error:  syntax error, unexpected '=>' (T_DOUBLE_ARROW) in /home/ubuntu/workspace/cst336/labs/lab5/server.php on line 41
[10-Mar-2019 03:56:36 UTC] PHP Parse error:  syntax error, unexpected '=>' (T_DOUBLE_ARROW) in /home/ubuntu/workspace/cst336/labs/lab5/server.php on line 41
[11-Mar-2019 00:16:36 UTC] PHP Parse error:  syntax error, unexpected ')', expecting '(' in /home/ubuntu/workspace/cst336/labs/lab5/server.php on line 71
[11-Mar-2019 00:17:35 UTC] PHP Parse error:  syntax error, unexpected ')', expecting '(' in /home/ubuntu/workspace/cst336/labs/lab5/server.php on line 71
[11-Mar-2019 00:20:01 UTC] PHP Parse error:  syntax error, unexpected '[' in /home/ubuntu/workspace/cst336/labs/lab5/server.php on line 33
[11-Mar-2019 00:40:52 UTC] PHP Parse error:  syntax error, unexpected '||' (T_BOOLEAN_OR) in /home/ubuntu/workspace/cst336/labs/lab5/server.php on line 33
[11-Mar-2019 00:41:22 UTC] PHP Parse error:  syntax error, unexpected '&&' (T_BOOLEAN_AND) in /home/ubuntu/workspace/cst336/labs/lab5/server.php on line 34
[11-Mar-2019 00:48:05 UTC] PHP Warning:  strpos() expects parameter 1 to be string, array given in /home/ubuntu/workspace/cst336/labs/lab5/server.php on line 41
[11-Mar-2019 00:48:05 UTC] PHP Stack trace:
[11-Mar-2019 00:48:05 UTC] PHP   1. {main}() /home/ubuntu/workspace/cst336/labs/lab5/server.php:0
[11-Mar-2019 00:48:05 UTC] PHP   2. onPost() /home/ubuntu/workspace/cst336/labs/lab5/server.php:16
[11-Mar-2019 00:48:05 UTC] PHP   3. strpos() /home/ubuntu/workspace/cst336/labs/lab5/server.php:41
[11-Mar-2019 00:56:14 UTC] PHP Parse error:  syntax error, unexpected '!==' (T_IS_NOT_IDENTICAL) in /home/ubuntu/workspace/cst336/labs/lab5/server.php on line 37
[11-Mar-2019 00:56:32 UTC] PHP Parse error:  syntax error, unexpected '!=' (T_IS_NOT_EQUAL) in /home/ubuntu/workspace/cst336/labs/lab5/server.php on line 37
[11-Mar-2019 00:56:54 UTC] PHP Parse error:  syntax error, unexpected '===' (T_IS_IDENTICAL) in /home/ubuntu/workspace/cst336/labs/lab5/server.php on line 37
[11-Mar-2019 00:57:07 UTC] PHP Parse error:  syntax error, unexpected '&&' (T_BOOLEAN_AND) in /home/ubuntu/workspace/cst336/labs/lab5/server.php on line 37
[11-Mar-2019 01:22:36 UTC] PHP Parse error:  syntax error, unexpected ')' in /home/ubuntu/workspace/cst336/labs/lab5/server.php on line 35
