[12-May-2019 02:16:38 UTC] PHP Fatal error:  Uncaught exception 'PDOException' with message 'SQLSTATE[42S22]: Column not found: 1054 Unknown column 'duration' in 'field list'' in /home/ubuntu/workspace/cst336/final_exam/api/addAppointment.php:16
Stack trace:
#0 /home/ubuntu/workspace/cst336/final_exam/api/addAppointment.php(16): PDOStatement->execute(Array)
#1 {main}
  thrown in /home/ubuntu/workspace/cst336/final_exam/api/addAppointment.php on line 16
[12-May-2019 02:17:00 UTC] PHP Fatal error:  Uncaught exception 'PDOException' with message 'SQLSTATE[23000]: Integrity constraint violation: 1048 Column 'date' cannot be null' in /home/ubuntu/workspace/cst336/final_exam/api/addAppointment.php:16
Stack trace:
#0 /home/ubuntu/workspace/cst336/final_exam/api/addAppointment.php(16): PDOStatement->execute(Array)
#1 {main}
  thrown in /home/ubuntu/workspace/cst336/final_exam/api/addAppointment.php on line 16
[12-May-2019 02:17:09 UTC] PHP Fatal error:  Uncaught exception 'PDOException' with message 'SQLSTATE[23000]: Integrity constraint violation: 1048 Column 'date' cannot be null' in /home/ubuntu/workspace/cst336/final_exam/api/addAppointment.php:16
Stack trace:
#0 /home/ubuntu/workspace/cst336/final_exam/api/addAppointment.php(16): PDOStatement->execute(Array)
#1 {main}
  thrown in /home/ubuntu/workspace/cst336/final_exam/api/addAppointment.php on line 16
[12-May-2019 02:17:25 UTC] PHP Fatal error:  Uncaught exception 'PDOException' with message 'SQLSTATE[23000]: Integrity constraint violation: 1048 Column 'start_time' cannot be null' in /home/ubuntu/workspace/cst336/final_exam/api/addAppointment.php:16
Stack trace:
#0 /home/ubuntu/workspace/cst336/final_exam/api/addAppointment.php(16): PDOStatement->execute(Array)
#1 {main}
  thrown in /home/ubuntu/workspace/cst336/final_exam/api/addAppointment.php on line 16
[12-May-2019 02:33:34 UTC] PHP Fatal error:  Call to undefined function parseInt() in /home/ubuntu/workspace/cst336/final_exam/api/addAppointment.php on line 12
[12-May-2019 02:33:34 UTC] PHP Stack trace:
[12-May-2019 02:33:34 UTC] PHP   1. {main}() /home/ubuntu/workspace/cst336/final_exam/api/addAppointment.php:0
[12-May-2019 03:06:54 UTC] PHP Fatal error:  Call to undefined function parseInt() in /home/ubuntu/workspace/cst336/final_exam/api/addAppointment.php on line 12
[12-May-2019 03:06:54 UTC] PHP Stack trace:
[12-May-2019 03:06:54 UTC] PHP   1. {main}() /home/ubuntu/workspace/cst336/final_exam/api/addAppointment.php:0
[12-May-2019 03:07:11 UTC] PHP Fatal error:  Call to undefined function parseInt() in /home/ubuntu/workspace/cst336/final_exam/api/addAppointment.php on line 12
[12-May-2019 03:07:11 UTC] PHP Stack trace:
[12-May-2019 03:07:11 UTC] PHP   1. {main}() /home/ubuntu/workspace/cst336/final_exam/api/addAppointment.php:0
