[08-Apr-2019 19:06:54 UTC] PHP Warning:  include(dbConnection.php): failed to open stream: No such file or directory in /home/ubuntu/workspace/cst336/practice/p7/api/get_word_api.php on line 5
[08-Apr-2019 19:06:54 UTC] PHP Stack trace:
[08-Apr-2019 19:06:54 UTC] PHP   1. {main}() /home/ubuntu/workspace/cst336/practice/p7/api/get_word_api.php:0
[08-Apr-2019 19:06:54 UTC] PHP Warning:  include(): Failed opening 'dbConnection.php' for inclusion (include_path='.:/usr/share/php:/usr/share/pear') in /home/ubuntu/workspace/cst336/practice/p7/api/get_word_api.php on line 5
[08-Apr-2019 19:06:54 UTC] PHP Stack trace:
[08-Apr-2019 19:06:54 UTC] PHP   1. {main}() /home/ubuntu/workspace/cst336/practice/p7/api/get_word_api.php:0
[08-Apr-2019 19:06:54 UTC] PHP Fatal error:  Call to undefined function getDatabaseConnection() in /home/ubuntu/workspace/cst336/practice/p7/api/get_word_api.php on line 6
[08-Apr-2019 19:06:54 UTC] PHP Stack trace:
[08-Apr-2019 19:06:54 UTC] PHP   1. {main}() /home/ubuntu/workspace/cst336/practice/p7/api/get_word_api.php:0
[08-Apr-2019 19:06:58 UTC] PHP Warning:  include(dbConnection.php): failed to open stream: No such file or directory in /home/ubuntu/workspace/cst336/practice/p7/api/check_word.php on line 4
[08-Apr-2019 19:06:58 UTC] PHP Stack trace:
[08-Apr-2019 19:06:58 UTC] PHP   1. {main}() /home/ubuntu/workspace/cst336/practice/p7/api/check_word.php:0
[08-Apr-2019 19:06:58 UTC] PHP Warning:  include(): Failed opening 'dbConnection.php' for inclusion (include_path='.:/usr/share/php:/usr/share/pear') in /home/ubuntu/workspace/cst336/practice/p7/api/check_word.php on line 4
[08-Apr-2019 19:06:58 UTC] PHP Stack trace:
[08-Apr-2019 19:06:58 UTC] PHP   1. {main}() /home/ubuntu/workspace/cst336/practice/p7/api/check_word.php:0
[08-Apr-2019 19:08:37 UTC] PHP Warning:  include(dbConnection.php): failed to open stream: No such file or directory in /home/ubuntu/workspace/cst336/practice/p7/api/get_word_api.php on line 5
[08-Apr-2019 19:08:37 UTC] PHP Stack trace:
[08-Apr-2019 19:08:37 UTC] PHP   1. {main}() /home/ubuntu/workspace/cst336/practice/p7/api/get_word_api.php:0
[08-Apr-2019 19:08:37 UTC] PHP Warning:  include(): Failed opening 'dbConnection.php' for inclusion (include_path='.:/usr/share/php:/usr/share/pear') in /home/ubuntu/workspace/cst336/practice/p7/api/get_word_api.php on line 5
[08-Apr-2019 19:08:37 UTC] PHP Stack trace:
[08-Apr-2019 19:08:37 UTC] PHP   1. {main}() /home/ubuntu/workspace/cst336/practice/p7/api/get_word_api.php:0
[08-Apr-2019 19:08:37 UTC] PHP Fatal error:  Call to undefined function getDatabaseConnection() in /home/ubuntu/workspace/cst336/practice/p7/api/get_word_api.php on line 6
[08-Apr-2019 19:08:37 UTC] PHP Stack trace:
[08-Apr-2019 19:08:37 UTC] PHP   1. {main}() /home/ubuntu/workspace/cst336/practice/p7/api/get_word_api.php:0
[08-Apr-2019 19:10:17 UTC] PHP Warning:  include(dbConnection.php): failed to open stream: No such file or directory in /home/ubuntu/workspace/cst336/practice/p7/api/get_word_api.php on line 5
[08-Apr-2019 19:10:17 UTC] PHP Stack trace:
[08-Apr-2019 19:10:17 UTC] PHP   1. {main}() /home/ubuntu/workspace/cst336/practice/p7/api/get_word_api.php:0
[08-Apr-2019 19:10:17 UTC] PHP Warning:  include(): Failed opening 'dbConnection.php' for inclusion (include_path='.:/usr/share/php:/usr/share/pear') in /home/ubuntu/workspace/cst336/practice/p7/api/get_word_api.php on line 5
[08-Apr-2019 19:10:17 UTC] PHP Stack trace:
[08-Apr-2019 19:10:17 UTC] PHP   1. {main}() /home/ubuntu/workspace/cst336/practice/p7/api/get_word_api.php:0
[08-Apr-2019 19:10:17 UTC] PHP Fatal error:  Call to undefined function getDatabaseConnection() in /home/ubuntu/workspace/cst336/practice/p7/api/get_word_api.php on line 6
[08-Apr-2019 19:10:17 UTC] PHP Stack trace:
[08-Apr-2019 19:10:17 UTC] PHP   1. {main}() /home/ubuntu/workspace/cst336/practice/p7/api/get_word_api.php:0
[08-Apr-2019 19:10:25 UTC] PHP Warning:  include(dbConnection.php): failed to open stream: No such file or directory in /home/ubuntu/workspace/cst336/practice/p7/api/check_word.php on line 4
[08-Apr-2019 19:10:25 UTC] PHP Stack trace:
[08-Apr-2019 19:10:25 UTC] PHP   1. {main}() /home/ubuntu/workspace/cst336/practice/p7/api/check_word.php:0
[08-Apr-2019 19:10:25 UTC] PHP Warning:  include(): Failed opening 'dbConnection.php' for inclusion (include_path='.:/usr/share/php:/usr/share/pear') in /home/ubuntu/workspace/cst336/practice/p7/api/check_word.php on line 4
[08-Apr-2019 19:10:25 UTC] PHP Stack trace:
[08-Apr-2019 19:10:25 UTC] PHP   1. {main}() /home/ubuntu/workspace/cst336/practice/p7/api/check_word.php:0
[08-Apr-2019 19:10:25 UTC] PHP Fatal error:  Call to undefined function getDatabaseConnection() in /home/ubuntu/workspace/cst336/practice/p7/api/check_word.php on line 5
[08-Apr-2019 19:10:25 UTC] PHP Stack trace:
[08-Apr-2019 19:10:25 UTC] PHP   1. {main}() /home/ubuntu/workspace/cst336/practice/p7/api/check_word.php:0
[08-Apr-2019 19:13:57 UTC] PHP Warning:  include(dbConnection.php): failed to open stream: No such file or directory in /home/ubuntu/workspace/cst336/practice/p7/api/get_word_api.php on line 5
[08-Apr-2019 19:13:57 UTC] PHP Stack trace:
[08-Apr-2019 19:13:57 UTC] PHP   1. {main}() /home/ubuntu/workspace/cst336/practice/p7/api/get_word_api.php:0
[08-Apr-2019 19:13:57 UTC] PHP Warning:  include(): Failed opening 'dbConnection.php' for inclusion (include_path='.:/usr/share/php:/usr/share/pear') in /home/ubuntu/workspace/cst336/practice/p7/api/get_word_api.php on line 5
[08-Apr-2019 19:13:57 UTC] PHP Stack trace:
[08-Apr-2019 19:13:57 UTC] PHP   1. {main}() /home/ubuntu/workspace/cst336/practice/p7/api/get_word_api.php:0
[08-Apr-2019 19:13:57 UTC] PHP Fatal error:  Call to undefined function getDatabaseConnection() in /home/ubuntu/workspace/cst336/practice/p7/api/get_word_api.php on line 6
[08-Apr-2019 19:13:57 UTC] PHP Stack trace:
[08-Apr-2019 19:13:57 UTC] PHP   1. {main}() /home/ubuntu/workspace/cst336/practice/p7/api/get_word_api.php:0
[08-Apr-2019 19:14:29 UTC] PHP Warning:  include(dbConnection.php): failed to open stream: No such file or directory in /home/ubuntu/workspace/cst336/practice/p7/api/get_word_api.php on line 5
[08-Apr-2019 19:14:29 UTC] PHP Stack trace:
[08-Apr-2019 19:14:29 UTC] PHP   1. {main}() /home/ubuntu/workspace/cst336/practice/p7/api/get_word_api.php:0
[08-Apr-2019 19:14:29 UTC] PHP Warning:  include(): Failed opening 'dbConnection.php' for inclusion (include_path='.:/usr/share/php:/usr/share/pear') in /home/ubuntu/workspace/cst336/practice/p7/api/get_word_api.php on line 5
[08-Apr-2019 19:14:29 UTC] PHP Stack trace:
[08-Apr-2019 19:14:29 UTC] PHP   1. {main}() /home/ubuntu/workspace/cst336/practice/p7/api/get_word_api.php:0
[08-Apr-2019 19:14:29 UTC] PHP Fatal error:  Call to undefined function getDatabaseConnection() in /home/ubuntu/workspace/cst336/practice/p7/api/get_word_api.php on line 6
[08-Apr-2019 19:14:29 UTC] PHP Stack trace:
[08-Apr-2019 19:14:29 UTC] PHP   1. {main}() /home/ubuntu/workspace/cst336/practice/p7/api/get_word_api.php:0
[08-Apr-2019 19:14:33 UTC] PHP Warning:  include(dbConnection.php): failed to open stream: No such file or directory in /home/ubuntu/workspace/cst336/practice/p7/api/check_word.php on line 4
[08-Apr-2019 19:14:33 UTC] PHP Stack trace:
[08-Apr-2019 19:14:33 UTC] PHP   1. {main}() /home/ubuntu/workspace/cst336/practice/p7/api/check_word.php:0
[08-Apr-2019 19:14:33 UTC] PHP Warning:  include(): Failed opening 'dbConnection.php' for inclusion (include_path='.:/usr/share/php:/usr/share/pear') in /home/ubuntu/workspace/cst336/practice/p7/api/check_word.php on line 4
[08-Apr-2019 19:14:33 UTC] PHP Stack trace:
[08-Apr-2019 19:14:33 UTC] PHP   1. {main}() /home/ubuntu/workspace/cst336/practice/p7/api/check_word.php:0
[08-Apr-2019 19:14:33 UTC] PHP Fatal error:  Call to undefined function getDatabaseConnection() in /home/ubuntu/workspace/cst336/practice/p7/api/check_word.php on line 5
[08-Apr-2019 19:14:33 UTC] PHP Stack trace:
[08-Apr-2019 19:14:33 UTC] PHP   1. {main}() /home/ubuntu/workspace/cst336/practice/p7/api/check_word.php:0
[08-Apr-2019 19:14:35 UTC] PHP Warning:  include(dbConnection.php): failed to open stream: No such file or directory in /home/ubuntu/workspace/cst336/practice/p7/api/check_word.php on line 4
[08-Apr-2019 19:14:35 UTC] PHP Stack trace:
[08-Apr-2019 19:14:35 UTC] PHP   1. {main}() /home/ubuntu/workspace/cst336/practice/p7/api/check_word.php:0
[08-Apr-2019 19:14:35 UTC] PHP Warning:  include(): Failed opening 'dbConnection.php' for inclusion (include_path='.:/usr/share/php:/usr/share/pear') in /home/ubuntu/workspace/cst336/practice/p7/api/check_word.php on line 4
[08-Apr-2019 19:14:35 UTC] PHP Stack trace:
[08-Apr-2019 19:14:35 UTC] PHP   1. {main}() /home/ubuntu/workspace/cst336/practice/p7/api/check_word.php:0
[08-Apr-2019 19:14:35 UTC] PHP Fatal error:  Call to undefined function getDatabaseConnection() in /home/ubuntu/workspace/cst336/practice/p7/api/check_word.php on line 5
[08-Apr-2019 19:14:35 UTC] PHP Stack trace:
[08-Apr-2019 19:14:35 UTC] PHP   1. {main}() /home/ubuntu/workspace/cst336/practice/p7/api/check_word.php:0
[08-Apr-2019 19:14:38 UTC] PHP Warning:  include(dbConnection.php): failed to open stream: No such file or directory in /home/ubuntu/workspace/cst336/practice/p7/api/get_word_api.php on line 5
[08-Apr-2019 19:14:38 UTC] PHP Stack trace:
[08-Apr-2019 19:14:38 UTC] PHP   1. {main}() /home/ubuntu/workspace/cst336/practice/p7/api/get_word_api.php:0
[08-Apr-2019 19:14:38 UTC] PHP Warning:  include(): Failed opening 'dbConnection.php' for inclusion (include_path='.:/usr/share/php:/usr/share/pear') in /home/ubuntu/workspace/cst336/practice/p7/api/get_word_api.php on line 5
[08-Apr-2019 19:14:38 UTC] PHP Stack trace:
[08-Apr-2019 19:14:38 UTC] PHP   1. {main}() /home/ubuntu/workspace/cst336/practice/p7/api/get_word_api.php:0
[08-Apr-2019 19:14:38 UTC] PHP Fatal error:  Call to undefined function getDatabaseConnection() in /home/ubuntu/workspace/cst336/practice/p7/api/get_word_api.php on line 6
[08-Apr-2019 19:14:38 UTC] PHP Stack trace:
[08-Apr-2019 19:14:38 UTC] PHP   1. {main}() /home/ubuntu/workspace/cst336/practice/p7/api/get_word_api.php:0
[08-Apr-2019 19:14:57 UTC] PHP Warning:  include(dbConnection.php): failed to open stream: No such file or directory in /home/ubuntu/workspace/cst336/practice/p7/api/get_word_api.php on line 5
[08-Apr-2019 19:14:57 UTC] PHP Stack trace:
[08-Apr-2019 19:14:57 UTC] PHP   1. {main}() /home/ubuntu/workspace/cst336/practice/p7/api/get_word_api.php:0
[08-Apr-2019 19:14:57 UTC] PHP Warning:  include(): Failed opening 'dbConnection.php' for inclusion (include_path='.:/usr/share/php:/usr/share/pear') in /home/ubuntu/workspace/cst336/practice/p7/api/get_word_api.php on line 5
[08-Apr-2019 19:14:57 UTC] PHP Stack trace:
[08-Apr-2019 19:14:57 UTC] PHP   1. {main}() /home/ubuntu/workspace/cst336/practice/p7/api/get_word_api.php:0
[08-Apr-2019 19:14:57 UTC] PHP Fatal error:  Call to undefined function getDatabaseConnection() in /home/ubuntu/workspace/cst336/practice/p7/api/get_word_api.php on line 6
[08-Apr-2019 19:14:57 UTC] PHP Stack trace:
[08-Apr-2019 19:14:57 UTC] PHP   1. {main}() /home/ubuntu/workspace/cst336/practice/p7/api/get_word_api.php:0
[08-Apr-2019 19:15:47 UTC] PHP Warning:  include(dbConnection.php): failed to open stream: No such file or directory in /home/ubuntu/workspace/cst336/practice/p7/api/get_word_api.php on line 5
[08-Apr-2019 19:15:47 UTC] PHP Stack trace:
[08-Apr-2019 19:15:47 UTC] PHP   1. {main}() /home/ubuntu/workspace/cst336/practice/p7/api/get_word_api.php:0
[08-Apr-2019 19:15:47 UTC] PHP Warning:  include(): Failed opening 'dbConnection.php' for inclusion (include_path='.:/usr/share/php:/usr/share/pear') in /home/ubuntu/workspace/cst336/practice/p7/api/get_word_api.php on line 5
[08-Apr-2019 19:15:47 UTC] PHP Stack trace:
[08-Apr-2019 19:15:47 UTC] PHP   1. {main}() /home/ubuntu/workspace/cst336/practice/p7/api/get_word_api.php:0
[08-Apr-2019 19:15:47 UTC] PHP Fatal error:  Call to undefined function getDatabaseConnection() in /home/ubuntu/workspace/cst336/practice/p7/api/get_word_api.php on line 6
[08-Apr-2019 19:15:47 UTC] PHP Stack trace:
[08-Apr-2019 19:15:47 UTC] PHP   1. {main}() /home/ubuntu/workspace/cst336/practice/p7/api/get_word_api.php:0
[08-Apr-2019 19:16:08 UTC] PHP Warning:  include(dbConnection.php): failed to open stream: No such file or directory in /home/ubuntu/workspace/cst336/practice/p7/api/get_word_api.php on line 5
[08-Apr-2019 19:16:08 UTC] PHP Stack trace:
[08-Apr-2019 19:16:08 UTC] PHP   1. {main}() /home/ubuntu/workspace/cst336/practice/p7/api/get_word_api.php:0
[08-Apr-2019 19:16:08 UTC] PHP Warning:  include(): Failed opening 'dbConnection.php' for inclusion (include_path='.:/usr/share/php:/usr/share/pear') in /home/ubuntu/workspace/cst336/practice/p7/api/get_word_api.php on line 5
[08-Apr-2019 19:16:08 UTC] PHP Stack trace:
[08-Apr-2019 19:16:08 UTC] PHP   1. {main}() /home/ubuntu/workspace/cst336/practice/p7/api/get_word_api.php:0
[08-Apr-2019 19:16:08 UTC] PHP Fatal error:  Call to undefined function getDatabaseConnection() in /home/ubuntu/workspace/cst336/practice/p7/api/get_word_api.php on line 6
[08-Apr-2019 19:16:08 UTC] PHP Stack trace:
[08-Apr-2019 19:16:08 UTC] PHP   1. {main}() /home/ubuntu/workspace/cst336/practice/p7/api/get_word_api.php:0
[08-Apr-2019 19:16:34 UTC] PHP Warning:  include(dbConnection.php): failed to open stream: No such file or directory in /home/ubuntu/workspace/cst336/practice/p7/api/get_word_api.php on line 5
[08-Apr-2019 19:16:34 UTC] PHP Stack trace:
[08-Apr-2019 19:16:34 UTC] PHP   1. {main}() /home/ubuntu/workspace/cst336/practice/p7/api/get_word_api.php:0
[08-Apr-2019 19:16:34 UTC] PHP Warning:  include(): Failed opening 'dbConnection.php' for inclusion (include_path='.:/usr/share/php:/usr/share/pear') in /home/ubuntu/workspace/cst336/practice/p7/api/get_word_api.php on line 5
[08-Apr-2019 19:16:34 UTC] PHP Stack trace:
[08-Apr-2019 19:16:34 UTC] PHP   1. {main}() /home/ubuntu/workspace/cst336/practice/p7/api/get_word_api.php:0
[08-Apr-2019 19:16:34 UTC] PHP Fatal error:  Call to undefined function getDatabaseConnection() in /home/ubuntu/workspace/cst336/practice/p7/api/get_word_api.php on line 6
[08-Apr-2019 19:16:34 UTC] PHP Stack trace:
[08-Apr-2019 19:16:34 UTC] PHP   1. {main}() /home/ubuntu/workspace/cst336/practice/p7/api/get_word_api.php:0
[08-Apr-2019 19:17:03 UTC] PHP Warning:  include(dbConnection.php): failed to open stream: No such file or directory in /home/ubuntu/workspace/cst336/practice/p7/api/get_word_api.php on line 5
[08-Apr-2019 19:17:03 UTC] PHP Stack trace:
[08-Apr-2019 19:17:03 UTC] PHP   1. {main}() /home/ubuntu/workspace/cst336/practice/p7/api/get_word_api.php:0
[08-Apr-2019 19:17:03 UTC] PHP Warning:  include(): Failed opening 'dbConnection.php' for inclusion (include_path='.:/usr/share/php:/usr/share/pear') in /home/ubuntu/workspace/cst336/practice/p7/api/get_word_api.php on line 5
[08-Apr-2019 19:17:03 UTC] PHP Stack trace:
[08-Apr-2019 19:17:03 UTC] PHP   1. {main}() /home/ubuntu/workspace/cst336/practice/p7/api/get_word_api.php:0
[08-Apr-2019 19:17:03 UTC] PHP Fatal error:  Call to undefined function getDatabaseConnection() in /home/ubuntu/workspace/cst336/practice/p7/api/get_word_api.php on line 6
[08-Apr-2019 19:17:03 UTC] PHP Stack trace:
[08-Apr-2019 19:17:03 UTC] PHP   1. {main}() /home/ubuntu/workspace/cst336/practice/p7/api/get_word_api.php:0
