[09-Apr-2019 00:27:13 UTC] PHP Fatal error:  Class 'POD' not found in /home/ubuntu/workspace/cst336/labs/lab7/dbConnections.php on line 15
[09-Apr-2019 00:27:13 UTC] PHP Stack trace:
[09-Apr-2019 00:27:13 UTC] PHP   1. {main}() /home/ubuntu/workspace/cst336/labs/lab7/api/login.php:0
[09-Apr-2019 00:27:13 UTC] PHP   2. getDatabaseConnection() /home/ubuntu/workspace/cst336/labs/lab7/api/login.php:4
[09-Apr-2019 00:29:02 UTC] PHP Fatal error:  Class 'POD' not found in /home/ubuntu/workspace/cst336/labs/lab7/dbConnections.php on line 15
[09-Apr-2019 00:29:02 UTC] PHP Stack trace:
[09-Apr-2019 00:29:02 UTC] PHP   1. {main}() /home/ubuntu/workspace/cst336/labs/lab7/api/login.php:0
[09-Apr-2019 00:29:02 UTC] PHP   2. getDatabaseConnection() /home/ubuntu/workspace/cst336/labs/lab7/api/login.php:4
[09-Apr-2019 00:29:04 UTC] PHP Fatal error:  Class 'POD' not found in /home/ubuntu/workspace/cst336/labs/lab7/dbConnections.php on line 15
[09-Apr-2019 00:29:04 UTC] PHP Stack trace:
[09-Apr-2019 00:29:04 UTC] PHP   1. {main}() /home/ubuntu/workspace/cst336/labs/lab7/api/login.php:0
[09-Apr-2019 00:29:04 UTC] PHP   2. getDatabaseConnection() /home/ubuntu/workspace/cst336/labs/lab7/api/login.php:4
[09-Apr-2019 00:29:23 UTC] PHP Warning:  include(../dbConnection.php): failed to open stream: No such file or directory in /home/ubuntu/workspace/cst336/labs/lab7/api/login.php on line 3
[09-Apr-2019 00:29:23 UTC] PHP Stack trace:
[09-Apr-2019 00:29:23 UTC] PHP   1. {main}() /home/ubuntu/workspace/cst336/labs/lab7/api/login.php:0
[09-Apr-2019 00:29:23 UTC] PHP Warning:  include(): Failed opening '../dbConnection.php' for inclusion (include_path='.:/usr/share/php:/usr/share/pear') in /home/ubuntu/workspace/cst336/labs/lab7/api/login.php on line 3
[09-Apr-2019 00:29:23 UTC] PHP Stack trace:
[09-Apr-2019 00:29:23 UTC] PHP   1. {main}() /home/ubuntu/workspace/cst336/labs/lab7/api/login.php:0
[09-Apr-2019 00:29:23 UTC] PHP Fatal error:  Call to undefined function getDatabaseConnection() in /home/ubuntu/workspace/cst336/labs/lab7/api/login.php on line 4
[09-Apr-2019 00:29:23 UTC] PHP Stack trace:
[09-Apr-2019 00:29:23 UTC] PHP   1. {main}() /home/ubuntu/workspace/cst336/labs/lab7/api/login.php:0
[09-Apr-2019 00:29:40 UTC] PHP Warning:  include(../dbConnection.php): failed to open stream: No such file or directory in /home/ubuntu/workspace/cst336/labs/lab7/api/login.php on line 3
[09-Apr-2019 00:29:40 UTC] PHP Stack trace:
[09-Apr-2019 00:29:40 UTC] PHP   1. {main}() /home/ubuntu/workspace/cst336/labs/lab7/api/login.php:0
[09-Apr-2019 00:29:40 UTC] PHP Warning:  include(): Failed opening '../dbConnection.php' for inclusion (include_path='.:/usr/share/php:/usr/share/pear') in /home/ubuntu/workspace/cst336/labs/lab7/api/login.php on line 3
[09-Apr-2019 00:29:40 UTC] PHP Stack trace:
[09-Apr-2019 00:29:40 UTC] PHP   1. {main}() /home/ubuntu/workspace/cst336/labs/lab7/api/login.php:0
[09-Apr-2019 00:29:40 UTC] PHP Fatal error:  Call to undefined function getDatabaseConnection() in /home/ubuntu/workspace/cst336/labs/lab7/api/login.php on line 4
[09-Apr-2019 00:29:40 UTC] PHP Stack trace:
[09-Apr-2019 00:29:40 UTC] PHP   1. {main}() /home/ubuntu/workspace/cst336/labs/lab7/api/login.php:0
[09-Apr-2019 00:29:52 UTC] PHP Fatal error:  Uncaught exception 'PDOException' with message 'SQLSTATE[21000]: Cardinality violation: 1241 Operand should contain 1 column(s)' in /home/ubuntu/workspace/cst336/labs/lab7/api/login.php:16
Stack trace:
#0 /home/ubuntu/workspace/cst336/labs/lab7/api/login.php(16): PDOStatement->execute(Array)
#1 {main}
  thrown in /home/ubuntu/workspace/cst336/labs/lab7/api/login.php on line 16
[09-Apr-2019 00:30:26 UTC] PHP Fatal error:  Uncaught exception 'PDOException' with message 'SQLSTATE[42000]: Syntax error or access violation: 1064 You have an error in your SQL syntax; check the manual that corresponds to your MySQL server version for the right syntax to use near ' password LIKE NULL' at line 3' in /home/ubuntu/workspace/cst336/labs/lab7/api/login.php:15
Stack trace:
#0 /home/ubuntu/workspace/cst336/labs/lab7/api/login.php(15): PDOStatement->execute(Array)
#1 {main}
  thrown in /home/ubuntu/workspace/cst336/labs/lab7/api/login.php on line 15
[09-Apr-2019 00:31:14 UTC] PHP Fatal error:  Uncaught exception 'PDOException' with message 'SQLSTATE[21000]: Cardinality violation: 1241 Operand should contain 1 column(s)' in /home/ubuntu/workspace/cst336/labs/lab7/api/login.php:15
Stack trace:
#0 /home/ubuntu/workspace/cst336/labs/lab7/api/login.php(15): PDOStatement->execute(Array)
#1 {main}
  thrown in /home/ubuntu/workspace/cst336/labs/lab7/api/login.php on line 15
[09-Apr-2019 00:31:50 UTC] PHP Fatal error:  Uncaught exception 'PDOException' with message 'SQLSTATE[21000]: Cardinality violation: 1241 Operand should contain 1 column(s)' in /home/ubuntu/workspace/cst336/labs/lab7/api/login.php:15
Stack trace:
#0 /home/ubuntu/workspace/cst336/labs/lab7/api/login.php(15): PDOStatement->execute(Array)
#1 {main}
  thrown in /home/ubuntu/workspace/cst336/labs/lab7/api/login.php on line 15
[09-Apr-2019 01:21:32 UTC] PHP Fatal error:  Uncaught exception 'PDOException' with message 'SQLSTATE[HY093]: Invalid parameter number: number of bound variables does not match number of tokens' in /home/ubuntu/workspace/cst336/labs/lab7/api/login.php:15
Stack trace:
#0 /home/ubuntu/workspace/cst336/labs/lab7/api/login.php(15): PDOStatement->execute(Array)
#1 {main}
  thrown in /home/ubuntu/workspace/cst336/labs/lab7/api/login.php on line 15
[09-Apr-2019 01:21:49 UTC] PHP Fatal error:  Uncaught exception 'PDOException' with message 'SQLSTATE[HY093]: Invalid parameter number: number of bound variables does not match number of tokens' in /home/ubuntu/workspace/cst336/labs/lab7/api/login.php:15
Stack trace:
#0 /home/ubuntu/workspace/cst336/labs/lab7/api/login.php(15): PDOStatement->execute(Array)
#1 {main}
  thrown in /home/ubuntu/workspace/cst336/labs/lab7/api/login.php on line 15
[15-Apr-2019 03:19:42 UTC] PHP Fatal error:  Uncaught exception 'PDOException' with message 'SQLSTATE[HY093]: Invalid parameter number: number of bound variables does not match number of tokens' in /home/ubuntu/workspace/cst336/labs/lab7/api/login.php:15
Stack trace:
#0 /home/ubuntu/workspace/cst336/labs/lab7/api/login.php(15): PDOStatement->execute(Array)
#1 {main}
  thrown in /home/ubuntu/workspace/cst336/labs/lab7/api/login.php on line 15
[15-Apr-2019 03:19:43 UTC] PHP Fatal error:  Uncaught exception 'PDOException' with message 'SQLSTATE[HY093]: Invalid parameter number: number of bound variables does not match number of tokens' in /home/ubuntu/workspace/cst336/labs/lab7/api/login.php:15
Stack trace:
#0 /home/ubuntu/workspace/cst336/labs/lab7/api/login.php(15): PDOStatement->execute(Array)
#1 {main}
  thrown in /home/ubuntu/workspace/cst336/labs/lab7/api/login.php on line 15
[15-Apr-2019 03:19:44 UTC] PHP Fatal error:  Uncaught exception 'PDOException' with message 'SQLSTATE[HY093]: Invalid parameter number: number of bound variables does not match number of tokens' in /home/ubuntu/workspace/cst336/labs/lab7/api/login.php:15
Stack trace:
#0 /home/ubuntu/workspace/cst336/labs/lab7/api/login.php(15): PDOStatement->execute(Array)
#1 {main}
  thrown in /home/ubuntu/workspace/cst336/labs/lab7/api/login.php on line 15
[15-Apr-2019 03:19:44 UTC] PHP Fatal error:  Uncaught exception 'PDOException' with message 'SQLSTATE[HY093]: Invalid parameter number: number of bound variables does not match number of tokens' in /home/ubuntu/workspace/cst336/labs/lab7/api/login.php:15
Stack trace:
#0 /home/ubuntu/workspace/cst336/labs/lab7/api/login.php(15): PDOStatement->execute(Array)
#1 {main}
  thrown in /home/ubuntu/workspace/cst336/labs/lab7/api/login.php on line 15
[15-Apr-2019 03:19:45 UTC] PHP Fatal error:  Uncaught exception 'PDOException' with message 'SQLSTATE[HY093]: Invalid parameter number: number of bound variables does not match number of tokens' in /home/ubuntu/workspace/cst336/labs/lab7/api/login.php:15
Stack trace:
#0 /home/ubuntu/workspace/cst336/labs/lab7/api/login.php(15): PDOStatement->execute(Array)
#1 {main}
  thrown in /home/ubuntu/workspace/cst336/labs/lab7/api/login.php on line 15
[15-Apr-2019 03:19:45 UTC] PHP Fatal error:  Uncaught exception 'PDOException' with message 'SQLSTATE[HY093]: Invalid parameter number: number of bound variables does not match number of tokens' in /home/ubuntu/workspace/cst336/labs/lab7/api/login.php:15
Stack trace:
#0 /home/ubuntu/workspace/cst336/labs/lab7/api/login.php(15): PDOStatement->execute(Array)
#1 {main}
  thrown in /home/ubuntu/workspace/cst336/labs/lab7/api/login.php on line 15
[15-Apr-2019 03:19:45 UTC] PHP Fatal error:  Uncaught exception 'PDOException' with message 'SQLSTATE[HY093]: Invalid parameter number: number of bound variables does not match number of tokens' in /home/ubuntu/workspace/cst336/labs/lab7/api/login.php:15
Stack trace:
#0 /home/ubuntu/workspace/cst336/labs/lab7/api/login.php(15): PDOStatement->execute(Array)
#1 {main}
  thrown in /home/ubuntu/workspace/cst336/labs/lab7/api/login.php on line 15
[15-Apr-2019 03:19:45 UTC] PHP Fatal error:  Uncaught exception 'PDOException' with message 'SQLSTATE[HY093]: Invalid parameter number: number of bound variables does not match number of tokens' in /home/ubuntu/workspace/cst336/labs/lab7/api/login.php:15
Stack trace:
#0 /home/ubuntu/workspace/cst336/labs/lab7/api/login.php(15): PDOStatement->execute(Array)
#1 {main}
  thrown in /home/ubuntu/workspace/cst336/labs/lab7/api/login.php on line 15
[15-Apr-2019 03:19:45 UTC] PHP Fatal error:  Uncaught exception 'PDOException' with message 'SQLSTATE[HY093]: Invalid parameter number: number of bound variables does not match number of tokens' in /home/ubuntu/workspace/cst336/labs/lab7/api/login.php:15
Stack trace:
#0 /home/ubuntu/workspace/cst336/labs/lab7/api/login.php(15): PDOStatement->execute(Array)
#1 {main}
  thrown in /home/ubuntu/workspace/cst336/labs/lab7/api/login.php on line 15
[15-Apr-2019 03:19:45 UTC] PHP Fatal error:  Uncaught exception 'PDOException' with message 'SQLSTATE[HY093]: Invalid parameter number: number of bound variables does not match number of tokens' in /home/ubuntu/workspace/cst336/labs/lab7/api/login.php:15
Stack trace:
#0 /home/ubuntu/workspace/cst336/labs/lab7/api/login.php(15): PDOStatement->execute(Array)
#1 {main}
  thrown in /home/ubuntu/workspace/cst336/labs/lab7/api/login.php on line 15
[15-Apr-2019 03:19:45 UTC] PHP Fatal error:  Uncaught exception 'PDOException' with message 'SQLSTATE[HY093]: Invalid parameter number: number of bound variables does not match number of tokens' in /home/ubuntu/workspace/cst336/labs/lab7/api/login.php:15
Stack trace:
#0 /home/ubuntu/workspace/cst336/labs/lab7/api/login.php(15): PDOStatement->execute(Array)
#1 {main}
  thrown in /home/ubuntu/workspace/cst336/labs/lab7/api/login.php on line 15
[15-Apr-2019 03:19:46 UTC] PHP Fatal error:  Uncaught exception 'PDOException' with message 'SQLSTATE[HY093]: Invalid parameter number: number of bound variables does not match number of tokens' in /home/ubuntu/workspace/cst336/labs/lab7/api/login.php:15
Stack trace:
#0 /home/ubuntu/workspace/cst336/labs/lab7/api/login.php(15): PDOStatement->execute(Array)
#1 {main}
  thrown in /home/ubuntu/workspace/cst336/labs/lab7/api/login.php on line 15
[15-Apr-2019 03:19:52 UTC] PHP Fatal error:  Uncaught exception 'PDOException' with message 'SQLSTATE[HY093]: Invalid parameter number: number of bound variables does not match number of tokens' in /home/ubuntu/workspace/cst336/labs/lab7/api/login.php:15
Stack trace:
#0 /home/ubuntu/workspace/cst336/labs/lab7/api/login.php(15): PDOStatement->execute(Array)
#1 {main}
  thrown in /home/ubuntu/workspace/cst336/labs/lab7/api/login.php on line 15
[15-Apr-2019 06:49:53 UTC] PHP Fatal error:  Uncaught exception 'PDOException' with message 'SQLSTATE[HY093]: Invalid parameter number: number of bound variables does not match number of tokens' in /home/ubuntu/workspace/cst336/labs/lab7/api/login.php:15
Stack trace:
#0 /home/ubuntu/workspace/cst336/labs/lab7/api/login.php(15): PDOStatement->execute(Array)
#1 {main}
  thrown in /home/ubuntu/workspace/cst336/labs/lab7/api/login.php on line 15
[15-Apr-2019 06:51:53 UTC] PHP Fatal error:  Uncaught exception 'PDOException' with message 'SQLSTATE[HY093]: Invalid parameter number: number of bound variables does not match number of tokens' in /home/ubuntu/workspace/cst336/labs/lab7/api/login.php:19
Stack trace:
#0 /home/ubuntu/workspace/cst336/labs/lab7/api/login.php(19): PDOStatement->execute(Array)
#1 {main}
  thrown in /home/ubuntu/workspace/cst336/labs/lab7/api/login.php on line 19
[15-Apr-2019 06:51:59 UTC] PHP Fatal error:  Uncaught exception 'PDOException' with message 'SQLSTATE[HY093]: Invalid parameter number: number of bound variables does not match number of tokens' in /home/ubuntu/workspace/cst336/labs/lab7/api/login.php:19
Stack trace:
#0 /home/ubuntu/workspace/cst336/labs/lab7/api/login.php(19): PDOStatement->execute(Array)
#1 {main}
  thrown in /home/ubuntu/workspace/cst336/labs/lab7/api/login.php on line 19
[15-Apr-2019 06:56:04 UTC] PHP Fatal error:  Uncaught exception 'PDOException' with message 'SQLSTATE[HY093]: Invalid parameter number: number of bound variables does not match number of tokens' in /home/ubuntu/workspace/cst336/labs/lab7/api/login.php:25
Stack trace:
#0 /home/ubuntu/workspace/cst336/labs/lab7/api/login.php(25): PDOStatement->execute(Array)
#1 {main}
  thrown in /home/ubuntu/workspace/cst336/labs/lab7/api/login.php on line 25
[15-Apr-2019 07:07:44 UTC] PHP Parse error:  syntax error, unexpected '=>' (T_DOUBLE_ARROW) in /home/ubuntu/workspace/cst336/labs/lab7/api/login.php on line 30
[15-Apr-2019 07:08:13 UTC] PHP Parse error:  syntax error, unexpected '=>' (T_DOUBLE_ARROW) in /home/ubuntu/workspace/cst336/labs/lab7/api/login.php on line 30
[15-Apr-2019 07:13:25 UTC] PHP Fatal error:  Uncaught exception 'PDOException' with message 'SQLSTATE[42000]: Syntax error or access violation: 1064 You have an error in your SQL syntax; check the manual that corresponds to your MySQL server version for the right syntax to use near 'WHERE username LIKE 'kmmaaa' AND   (       SELECT username        FROM users    ' at line 1' in /home/ubuntu/workspace/cst336/labs/lab7/api/login.php:35
Stack trace:
#0 /home/ubuntu/workspace/cst336/labs/lab7/api/login.php(35): PDOStatement->execute(Array)
#1 {main}
  thrown in /home/ubuntu/workspace/cst336/labs/lab7/api/login.php on line 35
[15-Apr-2019 08:07:28 UTC] PHP Fatal error:  Uncaught exception 'PDOException' with message 'SQLSTATE[42000]: Syntax error or access violation: 1064 You have an error in your SQL syntax; check the manual that corresponds to your MySQL server version for the right syntax to use near 'WHERE username LIKE 's' AND   (       SELECT username        FROM users        W' at line 1' in /home/ubuntu/workspace/cst336/labs/lab7/api/login.php:35
Stack trace:
#0 /home/ubuntu/workspace/cst336/labs/lab7/api/login.php(35): PDOStatement->execute(Array)
#1 {main}
  thrown in /home/ubuntu/workspace/cst336/labs/lab7/api/login.php on line 35
[15-Apr-2019 08:07:31 UTC] PHP Fatal error:  Uncaught exception 'PDOException' with message 'SQLSTATE[42000]: Syntax error or access violation: 1064 You have an error in your SQL syntax; check the manual that corresponds to your MySQL server version for the right syntax to use near 'WHERE username LIKE 's' AND   (       SELECT username        FROM users        W' at line 1' in /home/ubuntu/workspace/cst336/labs/lab7/api/login.php:35
Stack trace:
#0 /home/ubuntu/workspace/cst336/labs/lab7/api/login.php(35): PDOStatement->execute(Array)
#1 {main}
  thrown in /home/ubuntu/workspace/cst336/labs/lab7/api/login.php on line 35
[15-Apr-2019 18:27:31 UTC] PHP Parse error:  syntax error, unexpected 'exit' (T_EXIT) in /home/ubuntu/workspace/cst336/labs/lab7/api/editProduct.php on line 20
[15-Apr-2019 18:27:49 UTC] PHP Parse error:  syntax error, unexpected 'exit' (T_EXIT) in /home/ubuntu/workspace/cst336/labs/lab7/api/editProduct.php on line 20
[15-Apr-2019 18:27:58 UTC] PHP Parse error:  syntax error, unexpected 'exit' (T_EXIT) in /home/ubuntu/workspace/cst336/labs/lab7/api/editProduct.php on line 20
[15-Apr-2019 18:57:01 UTC] PHP Parse error:  syntax error, unexpected 'exit' (T_EXIT) in /home/ubuntu/workspace/cst336/labs/lab7/api/editProduct.php on line 20
